Using pre-set license
Built from '2021.3/china_unity/release' branch; Version is '2021.3.18f1c1 (93698379025b) revision 9660803'; Using compiler version '192829333'; Build Type 'Release'
OS: 'Windows 10  (10.0.19045) 64bit CoreCountrySpecific' Language: 'zh' Physical Memory: 16242 MB
BatchMode: 1, IsHumanControllingUs: 0, StartBugReporterOnCrash: 0, Is64bit: 1, IsPro: 1

COMMAND LINE ARGUMENTS:
C:\Program Files\Unity\Hub\Editor\2021.3.18f1c1\Editor\Unity.exe
-adb2
-batchMode
-noUpm
-name
AssetImportWorker4
-projectPath
D:/UnityProjects/StarForce
-logFile
Logs/AssetImportWorker4.log
-srvPort
6387
Successfully changed project path to: D:/UnityProjects/StarForce
D:/UnityProjects/StarForce
[UnityMemory] Configuration Parameters - Can be set up in boot.config
    "memorysetup-bucket-allocator-granularity=16"
    "memorysetup-bucket-allocator-bucket-count=8"
    "memorysetup-bucket-allocator-block-size=33554432"
    "memorysetup-bucket-allocator-block-count=8"
    "memorysetup-main-allocator-block-size=16777216"
    "memorysetup-thread-allocator-block-size=16777216"
    "memorysetup-gfx-main-allocator-block-size=16777216"
    "memorysetup-gfx-thread-allocator-block-size=16777216"
    "memorysetup-cache-allocator-block-size=4194304"
    "memorysetup-typetree-allocator-block-size=2097152"
    "memorysetup-profiler-bucket-allocator-granularity=16"
    "memorysetup-profiler-bucket-allocator-bucket-count=8"
    "memorysetup-profiler-bucket-allocator-block-size=33554432"
    "memorysetup-profiler-bucket-allocator-block-count=8"
    "memorysetup-profiler-allocator-block-size=16777216"
    "memorysetup-profiler-editor-allocator-block-size=1048576"
    "memorysetup-temp-allocator-size-main=16777216"
    "memorysetup-job-temp-allocator-block-size=2097152"
    "memorysetup-job-temp-allocator-block-size-background=1048576"
    "memorysetup-job-temp-allocator-reduction-small-platforms=262144"
    "memorysetup-temp-allocator-size-background-worker=32768"
    "memorysetup-temp-allocator-size-job-worker=262144"
    "memorysetup-temp-allocator-size-preload-manager=33554432"
    "memorysetup-temp-allocator-size-nav-mesh-worker=65536"
    "memorysetup-temp-allocator-size-audio-worker=65536"
    "memorysetup-temp-allocator-size-cloud-worker=32768"
    "memorysetup-temp-allocator-size-gi-baking-worker=262144"
    "memorysetup-temp-allocator-size-gfx=262144"
Player connection [17840] Host "[IP] 192.168.2.2 [Port] 0 [Flags] 2 [Guid] 2357431717 [EditorId] 2357431717 [Version] 1048832 [Id] WindowsEditor(7,YK) [Debug] 1 [PackageName] WindowsEditor [ProjectName] Editor" joined multi-casting on [225.0.0.222:54997]...

Player connection [17840] Host "[IP] 192.168.2.2 [Port] 0 [Flags] 2 [Guid] 2357431717 [EditorId] 2357431717 [Version] 1048832 [Id] WindowsEditor(7,YK) [Debug] 1 [PackageName] WindowsEditor [ProjectName] Editor" joined alternative multi-casting on [225.0.0.222:34997]...

AS: AutoStreaming module initializing.
Refreshing native plugins compatible for Editor in 44.40 ms, found 3 plugins.
Preloading 0 native plugins for Editor in 0.00 ms.
Initialize engine version: 2021.3.18f1c1 (93698379025b)
[Subsystems] Discovering subsystems at path C:/Program Files/Unity/Hub/Editor/2021.3.18f1c1/Editor/Data/Resources/UnitySubsystems
[Subsystems] Discovering subsystems at path D:/UnityProjects/StarForce/Assets
GfxDevice: creating device client; threaded=0; jobified=0
Direct3D:
    Version:  Direct3D 11.0 [level 11.1]
    Renderer: NVIDIA GeForce RTX 2060 (ID=0x1e89)
    Vendor:   NVIDIA
    VRAM:     5958 MB
    Driver:   31.0.15.3623
Initialize mono
Mono path[0] = 'C:/Program Files/Unity/Hub/Editor/2021.3.18f1c1/Editor/Data/Managed'
Mono path[1] = 'C:/Program Files/Unity/Hub/Editor/2021.3.18f1c1/Editor/Data/MonoBleedingEdge/lib/mono/unityjit-win32'
Mono config path = 'C:/Program Files/Unity/Hub/Editor/2021.3.18f1c1/Editor/Data/MonoBleedingEdge/etc'
Using monoOptions --debugger-agent=transport=dt_socket,embedding=1,server=y,suspend=n,address=127.0.0.1:56648
Begin MonoManager ReloadAssembly
Registering precompiled unity dll's ...
Register platform support module: C:/Program Files/Unity/Hub/Editor/2021.3.18f1c1/Editor/Data/PlaybackEngines/AndroidPlayer/UnityEditor.Android.Extensions.dll
Register platform support module: C:/Program Files/Unity/Hub/Editor/2021.3.18f1c1/Editor/Data/PlaybackEngines/WindowsStandaloneSupport/UnityEditor.WindowsStandalone.Extensions.dll
Registered in 0.004257 seconds.
Native extension for WindowsStandalone target not found
Native extension for Android target not found
Android Extension - Scanning For ADB Devices 164 ms
Refreshing native plugins compatible for Editor in 44.45 ms, found 3 plugins.
Preloading 0 native plugins for Editor in 0.00 ms.
Mono: successfully reloaded assembly
- Completed reload, in  0.601 seconds
Domain Reload Profiling:
	ReloadAssembly (601ms)
		BeginReloadAssembly (52ms)
			ExecutionOrderSort (0ms)
			DisableScriptedObjects (0ms)
			BackupInstance (0ms)
			ReleaseScriptingObjects (0ms)
			CreateAndSetChildDomain (1ms)
		EndReloadAssembly (473ms)
			LoadAssemblies (50ms)
			RebuildTransferFunctionScriptingTraits (0ms)
			SetupTypeCache (71ms)
			ReleaseScriptCaches (0ms)
			RebuildScriptCaches (20ms)
			SetupLoadedEditorAssemblies (346ms)
				LogAssemblyErrors (0ms)
				InitializePlatformSupportModulesInManaged (210ms)
				SetLoadedEditorAssemblies (0ms)
				RefreshPlugins (45ms)
				BeforeProcessingInitializeOnLoad (1ms)
				ProcessInitializeOnLoadAttributes (61ms)
				ProcessInitializeOnLoadMethodAttributes (29ms)
				AfterProcessingInitializeOnLoad (0ms)
				EditorAssembliesLoaded (0ms)
			ExecutionOrderSort2 (0ms)
			AwakeInstancesAfterBackupRestoration (0ms)
Platform modules already initialized, skipping
Registering precompiled user dll's ...
Registered in 0.004684 seconds.
Begin MonoManager ReloadAssembly
Symbol file LoadedFromMemory doesn't match image D:\UnityProjects\StarForce\Library\PackageCache\com.unity.visualscripting@1.8.0\Editor\VisualScripting.Core\Dependencies\YamlDotNet\Unity.VisualScripting.YamlDotNet.dll
Symbol file LoadedFromMemory doesn't match image D:\UnityProjects\StarForce\Library\PackageCache\com.unity.visualscripting@1.8.0\Editor\VisualScripting.Core\Dependencies\DotNetZip\Unity.VisualScripting.IonicZip.dll
Native extension for WindowsStandalone target not found
Native extension for Android target not found
Refreshing native plugins compatible for Editor in 0.38 ms, found 3 plugins.
Preloading 0 native plugins for Editor in 0.00 ms.
Mono: successfully reloaded assembly
- Completed reload, in  0.649 seconds
Domain Reload Profiling:
	ReloadAssembly (650ms)
		BeginReloadAssembly (74ms)
			ExecutionOrderSort (0ms)
			DisableScriptedObjects (4ms)
			BackupInstance (0ms)
			ReleaseScriptingObjects (0ms)
			CreateAndSetChildDomain (13ms)
		EndReloadAssembly (497ms)
			LoadAssemblies (52ms)
			RebuildTransferFunctionScriptingTraits (0ms)
			SetupTypeCache (148ms)
			ReleaseScriptCaches (0ms)
			RebuildScriptCaches (37ms)
			SetupLoadedEditorAssemblies (228ms)
				LogAssemblyErrors (0ms)
				InitializePlatformSupportModulesInManaged (14ms)
				SetLoadedEditorAssemblies (0ms)
				RefreshPlugins (0ms)
				BeforeProcessingInitializeOnLoad (49ms)
				ProcessInitializeOnLoadAttributes (146ms)
				ProcessInitializeOnLoadMethodAttributes (13ms)
				AfterProcessingInitializeOnLoad (6ms)
				EditorAssembliesLoaded (0ms)
			ExecutionOrderSort2 (0ms)
			AwakeInstancesAfterBackupRestoration (4ms)
Platform modules already initialized, skipping
========================================================================
Worker process is ready to serve import requests
Launched and connected shader compiler UnityShaderCompiler.exe after 0.03 seconds
Refreshing native plugins compatible for Editor in 0.36 ms, found 3 plugins.
Preloading 0 native plugins for Editor in 0.00 ms.
Unloading 3374 Unused Serialized files (Serialized files now loaded: 0)
Unloading 25 unused Assets / (48.3 KB). Loaded Objects now: 3840.
Memory consumption went from 116.1 MB to 116.1 MB.
Total: 2.027800 ms (FindLiveObjects: 0.160800 ms CreateObjectMapping: 0.069000 ms MarkObjects: 1.740000 ms  DeleteObjects: 0.056800 ms)

AssetImportParameters requested are different than current active one (requested -> active):
  custom:video-decoder-ogg-theora: a1e56fd34408186e4bbccfd4996cb3dc -> 
  custom:container-muxer-webm: aa71ff27fc2769a1b78a27578f13a17b -> 
  custom:container-demuxer-webm: 4f35f7cbe854078d1ac9338744f61a02 -> 
  custom:video-encoder-webm-vp8: eb34c28f22e8b96e1ab97ce403110664 -> 
  custom:audio-encoder-webm-vorbis: bf7c407c2cedff20999df2af8eb42d56 -> 
  custom:framework-win-MediaFoundation: 216162199b28c13a410421893ffa2e32 -> 
  custom:container-demuxer-ogg: 62fdf1f143b41e24485cea50d1cbac27 -> 
  custom:video-decoder-webm-vp8: 9c59270c3fd7afecdb556c50c9e8de78 -> 
  custom:audio-decoder-ogg-vorbis: bf7c407c2cedff20999df2af8eb42d56 -> 
========================================================================
Received Import Request.
  Time since last request: 117239.829421 seconds.
  path: Assets/Scripts/Runtime/Setting/PlayerPrefsSettingHelper.cs
  artifactKey: Guid(a1323525062529f4b93e412ebda4914a) Importer(815301076,1909f56bfc062723c751e8b465ee728b)
Start importing Assets/Scripts/Runtime/Setting/PlayerPrefsSettingHelper.cs using Guid(a1323525062529f4b93e412ebda4914a) Importer(815301076,1909f56bfc062723c751e8b465ee728b)  -> (artifact id: 'b25195ff8737031e577f079f2102a0b7') in 0.012689 seconds 
========================================================================
Received Import Request.
  Time since last request: 787.682427 seconds.
  path: Assets/GameMain/Materials/part_jet_flare_mat.mat
  artifactKey: Guid(a7b030cffa2dc44478c14e49a22771c2) Importer(815301076,1909f56bfc062723c751e8b465ee728b)
Start importing Assets/GameMain/Materials/part_jet_flare_mat.mat using Guid(a7b030cffa2dc44478c14e49a22771c2) Importer(815301076,1909f56bfc062723c751e8b465ee728b)  -> (artifact id: '61d2e5a4e39b5ab6e46d5b087eed5953') in 0.075940 seconds 
========================================================================
Received Import Request.
  Time since last request: 0.093913 seconds.
  path: Assets/GameMain/Entities/PlayerEngine.prefab
  artifactKey: Guid(8cf749fdfa5edc3478d16893efeaa0eb) Importer(815301076,1909f56bfc062723c751e8b465ee728b)
Start importing Assets/GameMain/Entities/PlayerEngine.prefab using Guid(8cf749fdfa5edc3478d16893efeaa0eb) Importer(815301076,1909f56bfc062723c751e8b465ee728b)  -> (artifact id: '4b0e042044bc70f0c478f05a066f41eb') in 0.016795 seconds 
========================================================================
Received Import Request.
  Time since last request: 1.719078 seconds.
  path: Assets/GameMain/Materials/part_jet_core_mat.mat
  artifactKey: Guid(c58c9afddbd36d14d837fa218d772996) Importer(815301076,1909f56bfc062723c751e8b465ee728b)
Start importing Assets/GameMain/Materials/part_jet_core_mat.mat using Guid(c58c9afddbd36d14d837fa218d772996) Importer(815301076,1909f56bfc062723c751e8b465ee728b)  -> (artifact id: '4c0ced0882051bfc1a12a718e47a2ae2') in 0.004502 seconds 
========================================================================
Received Import Request.
  Time since last request: 0.190543 seconds.
  path: Assets/GameMain/Entities/PlayerEngine.prefab
  artifactKey: Guid(8cf749fdfa5edc3478d16893efeaa0eb) Importer(815301076,1909f56bfc062723c751e8b465ee728b)
Start importing Assets/GameMain/Entities/PlayerEngine.prefab using Guid(8cf749fdfa5edc3478d16893efeaa0eb) Importer(815301076,1909f56bfc062723c751e8b465ee728b)  -> (artifact id: '5fd6f4ccd9cd2cbd1c579b5b8d635fa4') in 0.005890 seconds 
========================================================================
Received Prepare
Registering precompiled user dll's ...
Registered in 0.004410 seconds.
Begin MonoManager ReloadAssembly
Symbol file LoadedFromMemory doesn't match image D:\UnityProjects\StarForce\Library\PackageCache\com.unity.visualscripting@1.8.0\Editor\VisualScripting.Core\Dependencies\YamlDotNet\Unity.VisualScripting.YamlDotNet.dll
Symbol file LoadedFromMemory doesn't match image D:\UnityProjects\StarForce\Library\PackageCache\com.unity.visualscripting@1.8.0\Editor\VisualScripting.Core\Dependencies\DotNetZip\Unity.VisualScripting.IonicZip.dll
Native extension for WindowsStandalone target not found
Native extension for Android target not found
Refreshing native plugins compatible for Editor in 0.39 ms, found 3 plugins.
Preloading 0 native plugins for Editor in 0.00 ms.
Mono: successfully reloaded assembly
- Completed reload, in  0.667 seconds
Domain Reload Profiling:
	ReloadAssembly (667ms)
		BeginReloadAssembly (93ms)
			ExecutionOrderSort (0ms)
			DisableScriptedObjects (3ms)
			BackupInstance (0ms)
			ReleaseScriptingObjects (0ms)
			CreateAndSetChildDomain (24ms)
		EndReloadAssembly (503ms)
			LoadAssemblies (55ms)
			RebuildTransferFunctionScriptingTraits (0ms)
			SetupTypeCache (164ms)
			ReleaseScriptCaches (1ms)
			RebuildScriptCaches (28ms)
			SetupLoadedEditorAssemblies (214ms)
				LogAssemblyErrors (0ms)
				InitializePlatformSupportModulesInManaged (18ms)
				SetLoadedEditorAssemblies (0ms)
				RefreshPlugins (0ms)
				BeforeProcessingInitializeOnLoad (43ms)
				ProcessInitializeOnLoadAttributes (131ms)
				ProcessInitializeOnLoadMethodAttributes (15ms)
				AfterProcessingInitializeOnLoad (6ms)
				EditorAssembliesLoaded (0ms)
			ExecutionOrderSort2 (0ms)
			AwakeInstancesAfterBackupRestoration (4ms)
Platform modules already initialized, skipping
Refreshing native plugins compatible for Editor in 1.08 ms, found 3 plugins.
Preloading 0 native plugins for Editor in 0.00 ms.
Unloading 3368 Unused Serialized files (Serialized files now loaded: 0)
Unloading 18 unused Assets / (24.6 KB). Loaded Objects now: 3884.
Memory consumption went from 120.5 MB to 120.5 MB.
Total: 1.969400 ms (FindLiveObjects: 0.158200 ms CreateObjectMapping: 0.115000 ms MarkObjects: 1.677500 ms  DeleteObjects: 0.017800 ms)

AssetImportParameters requested are different than current active one (requested -> active):
  custom:video-decoder-ogg-theora: a1e56fd34408186e4bbccfd4996cb3dc -> 
  custom:container-muxer-webm: aa71ff27fc2769a1b78a27578f13a17b -> 
  custom:container-demuxer-webm: 4f35f7cbe854078d1ac9338744f61a02 -> 
  custom:video-encoder-webm-vp8: eb34c28f22e8b96e1ab97ce403110664 -> 
  custom:audio-encoder-webm-vorbis: bf7c407c2cedff20999df2af8eb42d56 -> 
  custom:framework-win-MediaFoundation: 216162199b28c13a410421893ffa2e32 -> 
  custom:container-demuxer-ogg: 62fdf1f143b41e24485cea50d1cbac27 -> 
  custom:video-decoder-webm-vp8: 9c59270c3fd7afecdb556c50c9e8de78 -> 
  custom:audio-decoder-ogg-vorbis: bf7c407c2cedff20999df2af8eb42d56 -> 
========================================================================
Received Import Request.
  Time since last request: 57212.198146 seconds.
  path: Assets/GameMain/Scripts/Editor
  artifactKey: Guid(7330dc72b718ca14ea10a999060be9f8) Importer(815301076,1909f56bfc062723c751e8b465ee728b)
Start importing Assets/GameMain/Scripts/Editor using Guid(7330dc72b718ca14ea10a999060be9f8) Importer(815301076,1909f56bfc062723c751e8b465ee728b)  -> (artifact id: '08e37de1b8c954582302afcb0cd29477') in 0.007516 seconds 
========================================================================
Received Import Request.
  Time since last request: 0.380153 seconds.
  path: Assets/GameMain/Scripts/Definition
  artifactKey: Guid(2d30f1c0886d45b40b4497064082c7f1) Importer(815301076,1909f56bfc062723c751e8b465ee728b)
Start importing Assets/GameMain/Scripts/Definition using Guid(2d30f1c0886d45b40b4497064082c7f1) Importer(815301076,1909f56bfc062723c751e8b465ee728b)  -> (artifact id: '9c64c207659c17cf2090693904343728') in 0.000844 seconds 
========================================================================
Received Import Request.
  Time since last request: 0.337466 seconds.
  path: Assets/GameMain/Scripts/Debugger
  artifactKey: Guid(5479812568543994bbbcdbee6c42fce1) Importer(815301076,1909f56bfc062723c751e8b465ee728b)
Start importing Assets/GameMain/Scripts/Debugger using Guid(5479812568543994bbbcdbee6c42fce1) Importer(815301076,1909f56bfc062723c751e8b465ee728b)  -> (artifact id: 'e3517f5b46988da96de2ce2a9a20f180') in 0.000802 seconds 
========================================================================
Received Import Request.
  Time since last request: 0.419029 seconds.
  path: Assets/GameMain/Scripts/DataTable
  artifactKey: Guid(35199cfd0c69c8c42895c16263b21b7b) Importer(815301076,1909f56bfc062723c751e8b465ee728b)
Start importing Assets/GameMain/Scripts/DataTable using Guid(35199cfd0c69c8c42895c16263b21b7b) Importer(815301076,1909f56bfc062723c751e8b465ee728b)  -> (artifact id: 'edcfb8f8f965fe5e9161520852d26c1b') in 0.000839 seconds 
========================================================================
Received Import Request.
  Time since last request: 0.442683 seconds.
  path: Assets/GameMain/Scripts/BuiltinData
  artifactKey: Guid(33ba0562010e2da46883baefb271f573) Importer(815301076,1909f56bfc062723c751e8b465ee728b)
Start importing Assets/GameMain/Scripts/BuiltinData using Guid(33ba0562010e2da46883baefb271f573) Importer(815301076,1909f56bfc062723c751e8b465ee728b)  -> (artifact id: 'c6f4602ced691ed6d00c5a91ea511d78') in 0.000705 seconds 
========================================================================
Received Import Request.
  Time since last request: 0.557574 seconds.
  path: Assets/GameMain/Scripts/Utility
  artifactKey: Guid(3a583cb744be34a4296ffb9991ab67e5) Importer(815301076,1909f56bfc062723c751e8b465ee728b)
Start importing Assets/GameMain/Scripts/Utility using Guid(3a583cb744be34a4296ffb9991ab67e5) Importer(815301076,1909f56bfc062723c751e8b465ee728b)  -> (artifact id: '38f015421e7669f9fd54fdd96f41ee3d') in 0.001091 seconds 
========================================================================
Received Import Request.
  Time since last request: 1.219957 seconds.
  path: Assets/GameMain/Scripts/Localization
  artifactKey: Guid(e0da7117df4943347ad5ceaff9f70602) Importer(815301076,1909f56bfc062723c751e8b465ee728b)
Start importing Assets/GameMain/Scripts/Localization using Guid(e0da7117df4943347ad5ceaff9f70602) Importer(815301076,1909f56bfc062723c751e8b465ee728b)  -> (artifact id: 'aeb749d9303c0d53032b4a77a818e9de') in 0.000723 seconds 
========================================================================
Received Import Request.
  Time since last request: 0.670704 seconds.
  path: Assets/GameMain/Scripts/UI
  artifactKey: Guid(5aa568bd1f2753a46afdf823c50eb582) Importer(815301076,1909f56bfc062723c751e8b465ee728b)
Start importing Assets/GameMain/Scripts/UI using Guid(5aa568bd1f2753a46afdf823c50eb582) Importer(815301076,1909f56bfc062723c751e8b465ee728b)  -> (artifact id: '5330fc2c0418830e3bbc28e721a54c08') in 0.000726 seconds 
========================================================================
Received Import Request.
  Time since last request: 1.558812 seconds.
  path: Assets/GameMain/Scripts/UI/MenuForm.cs
  artifactKey: Guid(d0fea4037c7349d49af8583511aaeb86) Importer(815301076,1909f56bfc062723c751e8b465ee728b)
Start importing Assets/GameMain/Scripts/UI/MenuForm.cs using Guid(d0fea4037c7349d49af8583511aaeb86) Importer(815301076,1909f56bfc062723c751e8b465ee728b)  -> (artifact id: 'f5ceaf841bebc71e03297088dd4163b5') in 0.000733 seconds 
========================================================================
Received Import Request.
  Time since last request: 178.048734 seconds.
  path: Assets/GameMain/Libraries
  artifactKey: Guid(2f39abb09804d544a930187b4dc00e2b) Importer(815301076,1909f56bfc062723c751e8b465ee728b)
Start importing Assets/GameMain/Libraries using Guid(2f39abb09804d544a930187b4dc00e2b) Importer(815301076,1909f56bfc062723c751e8b465ee728b)  -> (artifact id: '6f0f7490c3b81dd018d71dbbf103f678') in 0.000790 seconds 
========================================================================
Received Import Request.
  Time since last request: 15.947303 seconds.
  path: Assets/GameMain/Entities
  artifactKey: Guid(50bb427da72e6164c995404fac1a139c) Importer(815301076,1909f56bfc062723c751e8b465ee728b)
Start importing Assets/GameMain/Entities using Guid(50bb427da72e6164c995404fac1a139c) Importer(815301076,1909f56bfc062723c751e8b465ee728b)  -> (artifact id: '7e9d98e26e1d97a72db0b3a4d333f4be') in 0.000759 seconds 
========================================================================
Received Import Request.
  Time since last request: 0.073421 seconds.
  path: Assets/GameMain/Entities/DefaultArmor.prefab
  artifactKey: Guid(0992f89f84d762f478fd32f8225168b0) Importer(815301076,1909f56bfc062723c751e8b465ee728b)
Start importing Assets/GameMain/Entities/DefaultArmor.prefab using Guid(0992f89f84d762f478fd32f8225168b0) Importer(815301076,1909f56bfc062723c751e8b465ee728b)  -> (artifact id: '2cb90fe97f5b5ada9815d4a89ebd1c0b') in 0.022682 seconds 
========================================================================
Received Import Request.
  Time since last request: 0.000012 seconds.
  path: Assets/GameMain/Entities/EnemyEngine.prefab
  artifactKey: Guid(fedd25a3c60e7ae499fc6efab9ee180b) Importer(815301076,1909f56bfc062723c751e8b465ee728b)
Start importing Assets/GameMain/Entities/EnemyEngine.prefab using Guid(fedd25a3c60e7ae499fc6efab9ee180b) Importer(815301076,1909f56bfc062723c751e8b465ee728b)  -> (artifact id: '1bb9d5d90c7a8372755d1d3d1f1313f8') in 0.035743 seconds 
========================================================================
Received Import Request.
  Time since last request: 0.000012 seconds.
  path: Assets/GameMain/Entities/EnemyShip.prefab
  artifactKey: Guid(afc18fc39ade3744397c0c993b57be53) Importer(815301076,1909f56bfc062723c751e8b465ee728b)
Start importing Assets/GameMain/Entities/EnemyShip.prefab using Guid(afc18fc39ade3744397c0c993b57be53) Importer(815301076,1909f56bfc062723c751e8b465ee728b)  -> (artifact id: '433126e475dfce29a0d2c2d46342c20f') in 0.023748 seconds 
========================================================================
Received Import Request.
  Time since last request: 1.957815 seconds.
  path: Assets/GameMain/Entities/AsteroidExplosion.prefab
  artifactKey: Guid(a6d58f54ce5934781962a4f887e834f3) Importer(815301076,1909f56bfc062723c751e8b465ee728b)
Start importing Assets/GameMain/Entities/AsteroidExplosion.prefab using Guid(a6d58f54ce5934781962a4f887e834f3) Importer(815301076,1909f56bfc062723c751e8b465ee728b)  -> (artifact id: '3b69cc6c6834b158f6736fa6bf911c68') in 0.007323 seconds 
========================================================================
Received Import Request.
  Time since last request: 2.025652 seconds.
  path: Assets/GameMain/Materials/fx_enemyShip_engines_mat.mat
  artifactKey: Guid(1b4bad6cea5a94611b21f9757fe41444) Importer(815301076,1909f56bfc062723c751e8b465ee728b)
Start importing Assets/GameMain/Materials/fx_enemyShip_engines_mat.mat using Guid(1b4bad6cea5a94611b21f9757fe41444) Importer(815301076,1909f56bfc062723c751e8b465ee728b)  -> (artifact id: '7fdef3f12e365e024b26d9cf8f66ddf7') in 0.015443 seconds 
========================================================================
Received Import Request.
  Time since last request: 0.345341 seconds.
  path: Assets/GameMain/Materials/part_spark_blue_mat.mat
  artifactKey: Guid(b0c7cf51d3fecb446ab93bf854419715) Importer(815301076,1909f56bfc062723c751e8b465ee728b)
Start importing Assets/GameMain/Materials/part_spark_blue_mat.mat using Guid(b0c7cf51d3fecb446ab93bf854419715) Importer(815301076,1909f56bfc062723c751e8b465ee728b)  -> (artifact id: 'd5e9b5c440923f81a92a4a0af1dd8d72') in 0.005120 seconds 
========================================================================
Received Import Request.
  Time since last request: 0.090150 seconds.
  path: Assets/GameMain/Entities/EnemyExplosion.prefab
  artifactKey: Guid(160925a6fe2664f2a978566b819f0af0) Importer(815301076,1909f56bfc062723c751e8b465ee728b)
Start importing Assets/GameMain/Entities/EnemyExplosion.prefab using Guid(160925a6fe2664f2a978566b819f0af0) Importer(815301076,1909f56bfc062723c751e8b465ee728b)  -> (artifact id: 'b57864b585b041a075b6c7198c5fb0e6') in 0.008050 seconds 
========================================================================
Received Import Request.
  Time since last request: 2.111977 seconds.
  path: Assets/GameMain/Entities/PlayerExplosion.prefab
  artifactKey: Guid(3455fe69f7ddc4604b95bf9b0a1e88d7) Importer(815301076,1909f56bfc062723c751e8b465ee728b)
Start importing Assets/GameMain/Entities/PlayerExplosion.prefab using Guid(3455fe69f7ddc4604b95bf9b0a1e88d7) Importer(815301076,1909f56bfc062723c751e8b465ee728b)  -> (artifact id: '2b5af5d74e9697b2c7b59edea018361f') in 0.013969 seconds 
========================================================================
Received Import Request.
  Time since last request: 4.566598 seconds.
  path: Assets/GameMain/Libraries/protobuf-net.dll
  artifactKey: Guid(2fa6b65c9efc23d4eaedfd968fa08dda) Importer(815301076,1909f56bfc062723c751e8b465ee728b)
Start importing Assets/GameMain/Libraries/protobuf-net.dll using Guid(2fa6b65c9efc23d4eaedfd968fa08dda) Importer(815301076,1909f56bfc062723c751e8b465ee728b)  -> (artifact id: 'ffb4e4d93b0c8b9b64f37bc18becf9d1') in 0.005105 seconds 
========================================================================
Received Import Request.
  Time since last request: 0.416507 seconds.
  path: Assets/GameMain/Libraries/LitJson.dll
  artifactKey: Guid(8cfc7cd69be38fb48a07993e82971bf7) Importer(815301076,1909f56bfc062723c751e8b465ee728b)
Start importing Assets/GameMain/Libraries/LitJson.dll using Guid(8cfc7cd69be38fb48a07993e82971bf7) Importer(815301076,1909f56bfc062723c751e8b465ee728b)  -> (artifact id: '4656fb55f201bcffda00ef375940f0a9') in 0.000704 seconds 
========================================================================
Received Import Request.
  Time since last request: 1.556567 seconds.
  path: Assets/GameMain/Materials
  artifactKey: Guid(cbbffe476d7482a40a31a236538e23b9) Importer(815301076,1909f56bfc062723c751e8b465ee728b)
Start importing Assets/GameMain/Materials using Guid(cbbffe476d7482a40a31a236538e23b9) Importer(815301076,1909f56bfc062723c751e8b465ee728b)  -> (artifact id: '18e49a66f6c181f9cc7c5c7db66727ca') in 0.000708 seconds 
========================================================================
Received Import Request.
  Time since last request: 1.220754 seconds.
  path: Assets/GameMain/Localization
  artifactKey: Guid(cb66f764daca35841ac1f3b7d2d08771) Importer(815301076,1909f56bfc062723c751e8b465ee728b)
Start importing Assets/GameMain/Localization using Guid(cb66f764daca35841ac1f3b7d2d08771) Importer(815301076,1909f56bfc062723c751e8b465ee728b)  -> (artifact id: '441316ee5cb3b982450c5e85eae29bfb') in 0.000728 seconds 
========================================================================
Received Import Request.
  Time since last request: 1.585169 seconds.
  path: Assets/GameMain/Localization/ChineseTraditional
  artifactKey: Guid(ab3144891d4bdc14db6ea981e8f90f56) Importer(815301076,1909f56bfc062723c751e8b465ee728b)
Start importing Assets/GameMain/Localization/ChineseTraditional using Guid(ab3144891d4bdc14db6ea981e8f90f56) Importer(815301076,1909f56bfc062723c751e8b465ee728b)  -> (artifact id: '85d2236cd80de2d8eff689330f9edd88') in 0.000712 seconds 
========================================================================
Received Import Request.
  Time since last request: 0.979021 seconds.
  path: Assets/GameMain/Localization/ChineseTraditional/Dictionaries
  artifactKey: Guid(3dccd2bfa4b6a3248b49e060c0feb5e7) Importer(815301076,1909f56bfc062723c751e8b465ee728b)
Start importing Assets/GameMain/Localization/ChineseTraditional/Dictionaries using Guid(3dccd2bfa4b6a3248b49e060c0feb5e7) Importer(815301076,1909f56bfc062723c751e8b465ee728b)  -> (artifact id: 'f64219b0eeb697cf0c956199732fca68') in 0.000779 seconds 
========================================================================
Received Import Request.
  Time since last request: 0.580547 seconds.
  path: Assets/GameMain/Localization/ChineseTraditional/Dictionaries/Default.xml
  artifactKey: Guid(1053b0070685be347ab58587156842dc) Importer(815301076,1909f56bfc062723c751e8b465ee728b)
Start importing Assets/GameMain/Localization/ChineseTraditional/Dictionaries/Default.xml using Guid(1053b0070685be347ab58587156842dc) Importer(815301076,1909f56bfc062723c751e8b465ee728b)  -> (artifact id: 'a696500b2ae90dece3283d598249b525') in 0.003724 seconds 
========================================================================
Received Import Request.
  Time since last request: 18.219153 seconds.
  path: Assets/GameMain/Materials/done_fx_bolt_cyan_mat.mat
  artifactKey: Guid(63fe6ff9ab9e1433f8db4ebd940f2442) Importer(815301076,1909f56bfc062723c751e8b465ee728b)
Start importing Assets/GameMain/Materials/done_fx_bolt_cyan_mat.mat using Guid(63fe6ff9ab9e1433f8db4ebd940f2442) Importer(815301076,1909f56bfc062723c751e8b465ee728b)  -> (artifact id: 'db089e0d0d82d2af458dc2fac9a6a408') in 0.009240 seconds 
========================================================================
Received Import Request.
  Time since last request: 0.000014 seconds.
  path: Assets/GameMain/Materials/vehicle_enemyShip_metal_mat.mat
  artifactKey: Guid(c547624e174de984882f0a14b4bb32e1) Importer(815301076,1909f56bfc062723c751e8b465ee728b)
Start importing Assets/GameMain/Materials/vehicle_enemyShip_metal_mat.mat using Guid(c547624e174de984882f0a14b4bb32e1) Importer(815301076,1909f56bfc062723c751e8b465ee728b)  -> (artifact id: 'a1a290874f1200ba8cc60fe3bca2501c') in 0.011018 seconds 
========================================================================
Received Import Request.
  Time since last request: 0.000013 seconds.
  path: Assets/GameMain/Materials/part_spark_yellow_mat.mat
  artifactKey: Guid(a23eef5e20ff8cb46adf33491fc443fb) Importer(815301076,1909f56bfc062723c751e8b465ee728b)
Start importing Assets/GameMain/Materials/part_spark_yellow_mat.mat using Guid(a23eef5e20ff8cb46adf33491fc443fb) Importer(815301076,1909f56bfc062723c751e8b465ee728b)  -> (artifact id: 'd31aff464761cde4f0fc585be372ffd0') in 0.016664 seconds 
========================================================================
Received Import Request.
  Time since last request: 0.000017 seconds.
  path: Assets/GameMain/Materials/part_spark_white_mat.mat
  artifactKey: Guid(0f995b3145e0e7247a42da6cef1dbf23) Importer(815301076,1909f56bfc062723c751e8b465ee728b)
Start importing Assets/GameMain/Materials/part_spark_white_mat.mat using Guid(0f995b3145e0e7247a42da6cef1dbf23) Importer(815301076,1909f56bfc062723c751e8b465ee728b)  -> (artifact id: 'c5709b0d87955053b4aa5f95b5f8732b') in 0.013642 seconds 
========================================================================
Received Import Request.
  Time since last request: 0.000013 seconds.
  path: Assets/GameMain/Materials/vehicle_enemyShip_glow_mat.mat
  artifactKey: Guid(1e0350b97c61bfb4a91c62d756d01727) Importer(815301076,1909f56bfc062723c751e8b465ee728b)
Start importing Assets/GameMain/Materials/vehicle_enemyShip_glow_mat.mat using Guid(1e0350b97c61bfb4a91c62d756d01727) Importer(815301076,1909f56bfc062723c751e8b465ee728b)  -> (artifact id: 'd7b101e6054472e2c25a5595e9b25705') in 0.009909 seconds 
========================================================================
Received Import Request.
  Time since last request: 8.041989 seconds.
  path: Assets/GameMain/Scenes
  artifactKey: Guid(8aa04725784d110458eddfb0f7fed5dc) Importer(815301076,1909f56bfc062723c751e8b465ee728b)
Start importing Assets/GameMain/Scenes using Guid(8aa04725784d110458eddfb0f7fed5dc) Importer(815301076,1909f56bfc062723c751e8b465ee728b)  -> (artifact id: 'ec8989bc01fa45061600d8e4009f5ff6') in 0.000736 seconds 
========================================================================
Received Import Request.
  Time since last request: 1.398918 seconds.
  path: Assets/GameMain/Scenes/Main.unity
  artifactKey: Guid(4473d81b14ddb0143addf0e6050d8491) Importer(815301076,1909f56bfc062723c751e8b465ee728b)
Start importing Assets/GameMain/Scenes/Main.unity using Guid(4473d81b14ddb0143addf0e6050d8491) Importer(815301076,1909f56bfc062723c751e8b465ee728b)  -> (artifact id: '0965d264039e53a62b3817f8d56310a6') in 0.003479 seconds 
========================================================================
Received Import Request.
  Time since last request: 0.646270 seconds.
  path: Assets/GameMain/Scenes/Menu.unity
  artifactKey: Guid(b031b4f2980561542a7f7ba41391edc3) Importer(815301076,1909f56bfc062723c751e8b465ee728b)
Start importing Assets/GameMain/Scenes/Menu.unity using Guid(b031b4f2980561542a7f7ba41391edc3) Importer(815301076,1909f56bfc062723c751e8b465ee728b)  -> (artifact id: '83b38168daf9459d0df9495821619cda') in 0.001035 seconds 
========================================================================
Received Import Request.
  Time since last request: 15.746779 seconds.
  path: Assets/GameMain/Scripts
  artifactKey: Guid(5bfe78d0636f3084cb7f43115721fb9f) Importer(815301076,1909f56bfc062723c751e8b465ee728b)
Start importing Assets/GameMain/Scripts using Guid(5bfe78d0636f3084cb7f43115721fb9f) Importer(815301076,1909f56bfc062723c751e8b465ee728b)  -> (artifact id: '0538a1d053dfdd39468ceb7734b5fac8') in 0.000741 seconds 
========================================================================
Received Import Request.
  Time since last request: 2.683522 seconds.
  path: Assets/GameMain/Scripts/BuiltinData/BuiltinDataComponent.cs
  artifactKey: Guid(cfb0b001fcb30fe45ac95ddb8c28ba57) Importer(815301076,1909f56bfc062723c751e8b465ee728b)
Start importing Assets/GameMain/Scripts/BuiltinData/BuiltinDataComponent.cs using Guid(cfb0b001fcb30fe45ac95ddb8c28ba57) Importer(815301076,1909f56bfc062723c751e8b465ee728b)  -> (artifact id: 'c570c0d009bc245929f8c1a676fab827') in 0.000697 seconds 
========================================================================
Received Import Request.
  Time since last request: 2.974595 seconds.
  path: Assets/GameMain/Scripts/Base
  artifactKey: Guid(edd16bf2e418bec43bc774c7fc6c60d6) Importer(815301076,1909f56bfc062723c751e8b465ee728b)
Start importing Assets/GameMain/Scripts/Base using Guid(edd16bf2e418bec43bc774c7fc6c60d6) Importer(815301076,1909f56bfc062723c751e8b465ee728b)  -> (artifact id: 'adf630e9d81930f3a8e873013edd3c63') in 0.000752 seconds 
========================================================================
Received Import Request.
  Time since last request: 1.327514 seconds.
  path: Assets/GameMain/Scripts/Base/GameEntry.Builtin.cs
  artifactKey: Guid(98387342fa09ebd46a2ab54100d80c2f) Importer(815301076,1909f56bfc062723c751e8b465ee728b)
Start importing Assets/GameMain/Scripts/Base/GameEntry.Builtin.cs using Guid(98387342fa09ebd46a2ab54100d80c2f) Importer(815301076,1909f56bfc062723c751e8b465ee728b)  -> (artifact id: 'fc34f2f879cdd7c253e82f63c908454d') in 0.000718 seconds 
========================================================================
Received Import Request.
  Time since last request: 4.909753 seconds.
  path: Assets/GameMain/Scripts/Base/GameEntry.cs
  artifactKey: Guid(3d09b8a3e8c0e7e4dbcfd2fa52bf69ea) Importer(815301076,1909f56bfc062723c751e8b465ee728b)
Start importing Assets/GameMain/Scripts/Base/GameEntry.cs using Guid(3d09b8a3e8c0e7e4dbcfd2fa52bf69ea) Importer(815301076,1909f56bfc062723c751e8b465ee728b)  -> (artifact id: 'd5d3d8aca55923f42e71e19de30f875b') in 0.001050 seconds 
========================================================================
Received Import Request.
  Time since last request: 0.715730 seconds.
  path: Assets/GameMain/Scripts/Base/GameEntry.Custom.cs
  artifactKey: Guid(f95ee7b97daca3f44a2f5cf743bb39ac) Importer(815301076,1909f56bfc062723c751e8b465ee728b)
Start importing Assets/GameMain/Scripts/Base/GameEntry.Custom.cs using Guid(f95ee7b97daca3f44a2f5cf743bb39ac) Importer(815301076,1909f56bfc062723c751e8b465ee728b)  -> (artifact id: '4497376fd2334852a7adb4ba516ee153') in 0.000732 seconds 
========================================================================
Received Import Request.
  Time since last request: 18.941692 seconds.
  path: Assets/Libraries/GameFramework.xml
  artifactKey: Guid(46cbe7b3d65fad24ba53d57c6bca3740) Importer(815301076,1909f56bfc062723c751e8b465ee728b)
Start importing Assets/Libraries/GameFramework.xml using Guid(46cbe7b3d65fad24ba53d57c6bca3740) Importer(815301076,1909f56bfc062723c751e8b465ee728b)  -> (artifact id: '1bd58c7d05b94166cc3f5bff55955e66') in 0.002730 seconds 
========================================================================
Received Import Request.
  Time since last request: 8.056064 seconds.
  path: Assets/Scripts/Runtime
  artifactKey: Guid(5ce3d7820ef93aa4688043311e1e4623) Importer(815301076,1909f56bfc062723c751e8b465ee728b)
Start importing Assets/Scripts/Runtime using Guid(5ce3d7820ef93aa4688043311e1e4623) Importer(815301076,1909f56bfc062723c751e8b465ee728b)  -> (artifact id: '7610d1c717c85f8f231f032799a3cf7e') in 0.000741 seconds 
========================================================================
Received Import Request.
  Time since last request: 0.155288 seconds.
  path: Assets/Scripts/Runtime/UnityGameFramework.Runtime.asmdef
  artifactKey: Guid(363c5eb08ff8e6a439b85e37b8c20d96) Importer(815301076,1909f56bfc062723c751e8b465ee728b)
Start importing Assets/Scripts/Runtime/UnityGameFramework.Runtime.asmdef using Guid(363c5eb08ff8e6a439b85e37b8c20d96) Importer(815301076,1909f56bfc062723c751e8b465ee728b)  -> (artifact id: '6826c7b274b43f266b76f8e47ef543d7') in 0.001739 seconds 
========================================================================
Received Import Request.
  Time since last request: 1.948529 seconds.
  path: Assets/Scripts/Runtime/Base
  artifactKey: Guid(fef53289940cb524687e31ef870f5029) Importer(815301076,1909f56bfc062723c751e8b465ee728b)
Start importing Assets/Scripts/Runtime/Base using Guid(fef53289940cb524687e31ef870f5029) Importer(815301076,1909f56bfc062723c751e8b465ee728b)  -> (artifact id: '5064aac5ec1ed707f78b4fb982d4dcf3') in 0.001025 seconds 
========================================================================
Received Import Request.
  Time since last request: 0.727402 seconds.
  path: Assets/Scripts/Runtime/Base/BaseComponent.cs
  artifactKey: Guid(f98acd7d3bd2bf54dadf9644f60e5cb9) Importer(815301076,1909f56bfc062723c751e8b465ee728b)
Start importing Assets/Scripts/Runtime/Base/BaseComponent.cs using Guid(f98acd7d3bd2bf54dadf9644f60e5cb9) Importer(815301076,1909f56bfc062723c751e8b465ee728b)  -> (artifact id: '52aa8702c56184e39088cdbd8c259800') in 0.000874 seconds 
========================================================================
Received Import Request.
  Time since last request: 0.987661 seconds.
  path: Assets/Scripts/Runtime/Base/GameEntry.cs
  artifactKey: Guid(dd346220e820e384b816477cdf1e1bb2) Importer(815301076,1909f56bfc062723c751e8b465ee728b)
Start importing Assets/Scripts/Runtime/Base/GameEntry.cs using Guid(dd346220e820e384b816477cdf1e1bb2) Importer(815301076,1909f56bfc062723c751e8b465ee728b)  -> (artifact id: '277870ea6ef8ba934b355e9662cf1d12') in 0.000733 seconds 
========================================================================
Received Import Request.
  Time since last request: 638.845285 seconds.
  path: Assets/Scripts/Runtime/Download
  artifactKey: Guid(565ef4330c482724588a750b62d2c533) Importer(815301076,1909f56bfc062723c751e8b465ee728b)
Start importing Assets/Scripts/Runtime/Download using Guid(565ef4330c482724588a750b62d2c533) Importer(815301076,1909f56bfc062723c751e8b465ee728b)  -> (artifact id: '264c6d0f583a7c2e8cfd961d4f810bb6') in 0.001072 seconds 
========================================================================
Received Import Request.
  Time since last request: 1.754566 seconds.
  path: Assets/Scripts/Runtime/Localization
  artifactKey: Guid(53c22c721e664fb45b53af7ab274c8af) Importer(815301076,1909f56bfc062723c751e8b465ee728b)
Start importing Assets/Scripts/Runtime/Localization using Guid(53c22c721e664fb45b53af7ab274c8af) Importer(815301076,1909f56bfc062723c751e8b465ee728b)  -> (artifact id: '550592529e3d4a3969d1118d58f7561f') in 0.000782 seconds 
========================================================================
Received Import Request.
  Time since last request: 4.200759 seconds.
  path: Assets/Scripts/Runtime/Setting
  artifactKey: Guid(92fcf07daa767d248bdf826a600dbf4a) Importer(815301076,1909f56bfc062723c751e8b465ee728b)
Start importing Assets/Scripts/Runtime/Setting using Guid(92fcf07daa767d248bdf826a600dbf4a) Importer(815301076,1909f56bfc062723c751e8b465ee728b)  -> (artifact id: '3de758cd1c44076fb0eacaa7624f997c') in 0.000796 seconds 
========================================================================
Received Import Request.
  Time since last request: 0.410041 seconds.
  path: Assets/Scripts/Runtime/Sound
  artifactKey: Guid(633ea9a10bc00b44da15448d15f14ce1) Importer(815301076,1909f56bfc062723c751e8b465ee728b)
Start importing Assets/Scripts/Runtime/Sound using Guid(633ea9a10bc00b44da15448d15f14ce1) Importer(815301076,1909f56bfc062723c751e8b465ee728b)  -> (artifact id: '6ba1d2e92c9f646a10c71393aa7e0304') in 0.000744 seconds 
========================================================================
Received Import Request.
  Time since last request: 0.690334 seconds.
  path: Assets/Scripts/Runtime/Variable
  artifactKey: Guid(8f71cb3d04c9a3342b05140a90a66e9f) Importer(815301076,1909f56bfc062723c751e8b465ee728b)
Start importing Assets/Scripts/Runtime/Variable using Guid(8f71cb3d04c9a3342b05140a90a66e9f) Importer(815301076,1909f56bfc062723c751e8b465ee728b)  -> (artifact id: 'ae7a6a2c110bc6edffdea71f1c24fc25') in 0.000764 seconds 
========================================================================
Received Import Request.
  Time since last request: 1.584331 seconds.
  path: Assets/Scripts/Runtime/Network
  artifactKey: Guid(e6bed9f3b15b3d64190301c8d908142a) Importer(815301076,1909f56bfc062723c751e8b465ee728b)
Start importing Assets/Scripts/Runtime/Network using Guid(e6bed9f3b15b3d64190301c8d908142a) Importer(815301076,1909f56bfc062723c751e8b465ee728b)  -> (artifact id: '21c3f89e50f057d7d24924bf672a33ae') in 0.001934 seconds 
========================================================================
Received Import Request.
  Time since last request: 0.367774 seconds.
  path: Assets/Scripts/Runtime/ObjectPool
  artifactKey: Guid(82475e8acda14d045a5eee8e09f6bd9b) Importer(815301076,1909f56bfc062723c751e8b465ee728b)
Start importing Assets/Scripts/Runtime/ObjectPool using Guid(82475e8acda14d045a5eee8e09f6bd9b) Importer(815301076,1909f56bfc062723c751e8b465ee728b)  -> (artifact id: 'eae59c51dbee1471850c5b831dec4945') in 0.000752 seconds 
========================================================================
Received Import Request.
  Time since last request: 2.427669 seconds.
  path: Assets/Scripts/Editor
  artifactKey: Guid(dcc7f3392b1320147b8ab6765dc9959a) Importer(815301076,1909f56bfc062723c751e8b465ee728b)
Start importing Assets/Scripts/Editor using Guid(dcc7f3392b1320147b8ab6765dc9959a) Importer(815301076,1909f56bfc062723c751e8b465ee728b)  -> (artifact id: '09e68391953b6df48caf2cf5db5b21b0') in 0.000774 seconds 
========================================================================
Received Import Request.
  Time since last request: 0.057588 seconds.
  path: Assets/Scripts/Editor/UnityGameFramework.Editor.asmdef
  artifactKey: Guid(a2d8a19598eca814496b089021d08d60) Importer(815301076,1909f56bfc062723c751e8b465ee728b)
Start importing Assets/Scripts/Editor/UnityGameFramework.Editor.asmdef using Guid(a2d8a19598eca814496b089021d08d60) Importer(815301076,1909f56bfc062723c751e8b465ee728b)  -> (artifact id: '20de726f73f4580112d51c44d476534e') in 0.000746 seconds 
========================================================================
Received Import Request.
  Time since last request: 8.607755 seconds.
  path: Assets/GameMain/Scripts/Game
  artifactKey: Guid(9bee40c502ee2bf40875a8c75845023a) Importer(815301076,1909f56bfc062723c751e8b465ee728b)
Start importing Assets/GameMain/Scripts/Game using Guid(9bee40c502ee2bf40875a8c75845023a) Importer(815301076,1909f56bfc062723c751e8b465ee728b)  -> (artifact id: '4449c42cedf507d5562f8a53007e3e2e') in 0.000753 seconds 
========================================================================
Received Import Request.
  Time since last request: 143.423271 seconds.
  path: Assets/Scripts/Runtime/Config
  artifactKey: Guid(ff4afea74c892e04e984aa34aa089b89) Importer(815301076,1909f56bfc062723c751e8b465ee728b)
Start importing Assets/Scripts/Runtime/Config using Guid(ff4afea74c892e04e984aa34aa089b89) Importer(815301076,1909f56bfc062723c751e8b465ee728b)  -> (artifact id: '983b17601281fca4204c3e393d2d23c3') in 0.000732 seconds 
========================================================================
Received Import Request.
  Time since last request: 0.490506 seconds.
  path: Assets/Scripts/Runtime/DataNode
  artifactKey: Guid(f919642531f20564094b12cd52df111d) Importer(815301076,1909f56bfc062723c751e8b465ee728b)
Start importing Assets/Scripts/Runtime/DataNode using Guid(f919642531f20564094b12cd52df111d) Importer(815301076,1909f56bfc062723c751e8b465ee728b)  -> (artifact id: '2aefac62f9c7f4fbe4a563a767159fd5') in 0.000927 seconds 
========================================================================
Received Import Request.
  Time since last request: 0.447670 seconds.
  path: Assets/Scripts/Runtime/DataTable
  artifactKey: Guid(c37122151fcac7a4d82295f02039a322) Importer(815301076,1909f56bfc062723c751e8b465ee728b)
Start importing Assets/Scripts/Runtime/DataTable using Guid(c37122151fcac7a4d82295f02039a322) Importer(815301076,1909f56bfc062723c751e8b465ee728b)  -> (artifact id: 'fdf853a05e0ef0f30898dc053cf5e737') in 0.000732 seconds 
========================================================================
Received Import Request.
  Time since last request: 3.138828 seconds.
  path: Assets/Scripts/Runtime/Scene
  artifactKey: Guid(141ad46133ef8f54e9f4f0ac35f0da19) Importer(815301076,1909f56bfc062723c751e8b465ee728b)
Start importing Assets/Scripts/Runtime/Scene using Guid(141ad46133ef8f54e9f4f0ac35f0da19) Importer(815301076,1909f56bfc062723c751e8b465ee728b)  -> (artifact id: 'b4b0dfc806d80fa6634dddba2d08334c') in 0.000759 seconds 
========================================================================
Received Import Request.
  Time since last request: 1.085887 seconds.
  path: Assets/Scripts/Runtime/UI
  artifactKey: Guid(54c6b5aa3d448eb45a27b1f39e40db63) Importer(815301076,1909f56bfc062723c751e8b465ee728b)
Start importing Assets/Scripts/Runtime/UI using Guid(54c6b5aa3d448eb45a27b1f39e40db63) Importer(815301076,1909f56bfc062723c751e8b465ee728b)  -> (artifact id: '6aea5f6d8ed32e29eae7ecdd8d12607c') in 0.000695 seconds 
========================================================================
Received Import Request.
  Time since last request: 1.975214 seconds.
  path: Assets/Scripts/Runtime/DataTable/DefaultDataTableHelper.cs
  artifactKey: Guid(f6a52ac548bf3654a93c12610240a67d) Importer(815301076,1909f56bfc062723c751e8b465ee728b)
Start importing Assets/Scripts/Runtime/DataTable/DefaultDataTableHelper.cs using Guid(f6a52ac548bf3654a93c12610240a67d) Importer(815301076,1909f56bfc062723c751e8b465ee728b)  -> (artifact id: '5654b85f809f23125aef898512435517') in 0.000757 seconds 
========================================================================
Received Import Request.
  Time since last request: 2.115132 seconds.
  path: Assets/Scripts/Runtime/DataTable/LoadDataTableUpdateEventArgs.cs
  artifactKey: Guid(35eba4a8a9ee9954392a0e99aa8111d6) Importer(815301076,1909f56bfc062723c751e8b465ee728b)
Start importing Assets/Scripts/Runtime/DataTable/LoadDataTableUpdateEventArgs.cs using Guid(35eba4a8a9ee9954392a0e99aa8111d6) Importer(815301076,1909f56bfc062723c751e8b465ee728b)  -> (artifact id: '1772b813961004cbfc0683a7b62b7e0f') in 0.000760 seconds 
========================================================================
Received Import Request.
  Time since last request: 2.174686 seconds.
  path: Assets/Scripts/Runtime/DataTable/LoadDataTableSuccessEventArgs.cs
  artifactKey: Guid(ed41d1abe08b7754481956fece8dfba4) Importer(815301076,1909f56bfc062723c751e8b465ee728b)
Start importing Assets/Scripts/Runtime/DataTable/LoadDataTableSuccessEventArgs.cs using Guid(ed41d1abe08b7754481956fece8dfba4) Importer(815301076,1909f56bfc062723c751e8b465ee728b)  -> (artifact id: '387363b4ba7f252304dc63e064e61a46') in 0.000915 seconds 
========================================================================
Received Import Request.
  Time since last request: 0.219469 seconds.
  path: Assets/Scripts/Runtime/DataTable/LoadDataTableFailureEventArgs.cs
  artifactKey: Guid(7196ee8c6ea2e0c4ebd4825fe6c9dcd1) Importer(815301076,1909f56bfc062723c751e8b465ee728b)
Start importing Assets/Scripts/Runtime/DataTable/LoadDataTableFailureEventArgs.cs using Guid(7196ee8c6ea2e0c4ebd4825fe6c9dcd1) Importer(815301076,1909f56bfc062723c751e8b465ee728b)  -> (artifact id: '342fd34f50c67a231b54097aad67bd5e') in 0.000761 seconds 
========================================================================
Received Import Request.
  Time since last request: 0.924547 seconds.
  path: Assets/Scripts/Runtime/DataTable/LoadDataTableDependencyAssetEventArgs.cs
  artifactKey: Guid(d55700c511451364c85eca18f23c5e9e) Importer(815301076,1909f56bfc062723c751e8b465ee728b)
Start importing Assets/Scripts/Runtime/DataTable/LoadDataTableDependencyAssetEventArgs.cs using Guid(d55700c511451364c85eca18f23c5e9e) Importer(815301076,1909f56bfc062723c751e8b465ee728b)  -> (artifact id: '9cb3a45a3e5cb871f3d60df02e0efe7e') in 0.000796 seconds 
========================================================================
Received Import Request.
  Time since last request: 0.859367 seconds.
  path: Assets/Scripts/Runtime/DataTable/DataTableHelperBase.cs
  artifactKey: Guid(0c48521d647fac4408f41cca9820ec55) Importer(815301076,1909f56bfc062723c751e8b465ee728b)
Start importing Assets/Scripts/Runtime/DataTable/DataTableHelperBase.cs using Guid(0c48521d647fac4408f41cca9820ec55) Importer(815301076,1909f56bfc062723c751e8b465ee728b)  -> (artifact id: '2910beb4cb5a64370c7c25272bfbd652') in 0.000715 seconds 
========================================================================
Received Import Request.
  Time since last request: 0.364036 seconds.
  path: Assets/Scripts/Runtime/DataTable/DataTableComponent.cs
  artifactKey: Guid(54066418ab853614483ea44b531049f0) Importer(815301076,1909f56bfc062723c751e8b465ee728b)
Start importing Assets/Scripts/Runtime/DataTable/DataTableComponent.cs using Guid(54066418ab853614483ea44b531049f0) Importer(815301076,1909f56bfc062723c751e8b465ee728b)  -> (artifact id: 'b6a37743474f8ffafc8cfcf7073ba7b9') in 0.001086 seconds 
========================================================================
Received Import Request.
  Time since last request: 0.443549 seconds.
  path: Assets/Scripts/Runtime/DataTable/DataRowBase.cs
  artifactKey: Guid(b2e51f0c2dffb5748b75e474971bbe09) Importer(815301076,1909f56bfc062723c751e8b465ee728b)
Start importing Assets/Scripts/Runtime/DataTable/DataRowBase.cs using Guid(b2e51f0c2dffb5748b75e474971bbe09) Importer(815301076,1909f56bfc062723c751e8b465ee728b)  -> (artifact id: 'fe3b5400ab70587e6bff41377985f1a5') in 0.000739 seconds 
