Using pre-set license
Built from '2021.3/china_unity/release' branch; Version is '2021.3.18f1c1 (93698379025b) revision 9660803'; Using compiler version '192829333'; Build Type 'Release'
OS: 'Windows 10  (10.0.19045) 64bit CoreCountrySpecific' Language: 'zh' Physical Memory: 16242 MB
BatchMode: 1, IsHumanControllingUs: 0, StartBugReporterOnCrash: 0, Is64bit: 1, IsPro: 1

COMMAND LINE ARGUMENTS:
C:\Program Files\Unity\Hub\Editor\2021.3.18f1c1\Editor\Unity.exe
-adb2
-batchMode
-noUpm
-name
AssetImportWorker2
-projectPath
D:/UnityProjects/YMZX
-logFile
Logs/AssetImportWorker2.log
-srvPort
1848
Successfully changed project path to: D:/UnityProjects/YMZX
D:/UnityProjects/YMZX
[UnityMemory] Configuration Parameters - Can be set up in boot.config
    "memorysetup-bucket-allocator-granularity=16"
    "memorysetup-bucket-allocator-bucket-count=8"
    "memorysetup-bucket-allocator-block-size=33554432"
    "memorysetup-bucket-allocator-block-count=8"
    "memorysetup-main-allocator-block-size=16777216"
    "memorysetup-thread-allocator-block-size=16777216"
    "memorysetup-gfx-main-allocator-block-size=16777216"
    "memorysetup-gfx-thread-allocator-block-size=16777216"
    "memorysetup-cache-allocator-block-size=4194304"
    "memorysetup-typetree-allocator-block-size=2097152"
    "memorysetup-profiler-bucket-allocator-granularity=16"
    "memorysetup-profiler-bucket-allocator-bucket-count=8"
    "memorysetup-profiler-bucket-allocator-block-size=33554432"
    "memorysetup-profiler-bucket-allocator-block-count=8"
    "memorysetup-profiler-allocator-block-size=16777216"
    "memorysetup-profiler-editor-allocator-block-size=1048576"
    "memorysetup-temp-allocator-size-main=16777216"
    "memorysetup-job-temp-allocator-block-size=2097152"
    "memorysetup-job-temp-allocator-block-size-background=1048576"
    "memorysetup-job-temp-allocator-reduction-small-platforms=262144"
    "memorysetup-temp-allocator-size-background-worker=32768"
    "memorysetup-temp-allocator-size-job-worker=262144"
    "memorysetup-temp-allocator-size-preload-manager=33554432"
    "memorysetup-temp-allocator-size-nav-mesh-worker=65536"
    "memorysetup-temp-allocator-size-audio-worker=65536"
    "memorysetup-temp-allocator-size-cloud-worker=32768"
    "memorysetup-temp-allocator-size-gi-baking-worker=262144"
    "memorysetup-temp-allocator-size-gfx=262144"
Player connection [10936] Host "[IP] 192.168.2.2 [Port] 0 [Flags] 2 [Guid] 2252029778 [EditorId] 2252029778 [Version] 1048832 [Id] WindowsEditor(7,YK) [Debug] 1 [PackageName] WindowsEditor [ProjectName] Editor" joined multi-casting on [225.0.0.222:54997]...

Player connection [10936] Host "[IP] 192.168.2.2 [Port] 0 [Flags] 2 [Guid] 2252029778 [EditorId] 2252029778 [Version] 1048832 [Id] WindowsEditor(7,YK) [Debug] 1 [PackageName] WindowsEditor [ProjectName] Editor" joined alternative multi-casting on [225.0.0.222:34997]...

AS: AutoStreaming module initializing.
Refreshing native plugins compatible for Editor in 46.31 ms, found 3 plugins.
Preloading 0 native plugins for Editor in 0.00 ms.
Initialize engine version: 2021.3.18f1c1 (93698379025b)
[Subsystems] Discovering subsystems at path C:/Program Files/Unity/Hub/Editor/2021.3.18f1c1/Editor/Data/Resources/UnitySubsystems
[Subsystems] Discovering subsystems at path D:/UnityProjects/YMZX/Assets
GfxDevice: creating device client; threaded=0; jobified=0
Direct3D:
    Version:  Direct3D 11.0 [level 11.1]
    Renderer: NVIDIA GeForce RTX 2060 (ID=0x1e89)
    Vendor:   NVIDIA
    VRAM:     5958 MB
    Driver:   31.0.15.3623
Initialize mono
Mono path[0] = 'C:/Program Files/Unity/Hub/Editor/2021.3.18f1c1/Editor/Data/Managed'
Mono path[1] = 'C:/Program Files/Unity/Hub/Editor/2021.3.18f1c1/Editor/Data/MonoBleedingEdge/lib/mono/unityjit-win32'
Mono config path = 'C:/Program Files/Unity/Hub/Editor/2021.3.18f1c1/Editor/Data/MonoBleedingEdge/etc'
Using monoOptions --debugger-agent=transport=dt_socket,embedding=1,server=y,suspend=n,address=127.0.0.1:56848
Begin MonoManager ReloadAssembly
Registering precompiled unity dll's ...
Register platform support module: C:/Program Files/Unity/Hub/Editor/2021.3.18f1c1/Editor/Data/PlaybackEngines/AndroidPlayer/UnityEditor.Android.Extensions.dll
Register platform support module: C:/Program Files/Unity/Hub/Editor/2021.3.18f1c1/Editor/Data/PlaybackEngines/WindowsStandaloneSupport/UnityEditor.WindowsStandalone.Extensions.dll
Registered in 0.004102 seconds.
Native extension for WindowsStandalone target not found
Native extension for Android target not found
Android Extension - Scanning For ADB Devices 149 ms
Refreshing native plugins compatible for Editor in 47.45 ms, found 3 plugins.
Preloading 0 native plugins for Editor in 0.00 ms.
Mono: successfully reloaded assembly
- Completed reload, in  0.594 seconds
Domain Reload Profiling:
	ReloadAssembly (594ms)
		BeginReloadAssembly (52ms)
			ExecutionOrderSort (0ms)
			DisableScriptedObjects (0ms)
			BackupInstance (0ms)
			ReleaseScriptingObjects (0ms)
			CreateAndSetChildDomain (1ms)
		EndReloadAssembly (465ms)
			LoadAssemblies (50ms)
			RebuildTransferFunctionScriptingTraits (0ms)
			SetupTypeCache (72ms)
			ReleaseScriptCaches (0ms)
			RebuildScriptCaches (20ms)
			SetupLoadedEditorAssemblies (336ms)
				LogAssemblyErrors (0ms)
				InitializePlatformSupportModulesInManaged (195ms)
				SetLoadedEditorAssemblies (0ms)
				RefreshPlugins (48ms)
				BeforeProcessingInitializeOnLoad (1ms)
				ProcessInitializeOnLoadAttributes (63ms)
				ProcessInitializeOnLoadMethodAttributes (30ms)
				AfterProcessingInitializeOnLoad (0ms)
				EditorAssembliesLoaded (0ms)
			ExecutionOrderSort2 (0ms)
			AwakeInstancesAfterBackupRestoration (0ms)
Platform modules already initialized, skipping
Registering precompiled user dll's ...
Registered in 0.004756 seconds.
Begin MonoManager ReloadAssembly
Symbol file LoadedFromMemory doesn't match image D:\UnityProjects\YMZX\Library\PackageCache\com.unity.visualscripting@1.8.0\Editor\VisualScripting.Core\Dependencies\YamlDotNet\Unity.VisualScripting.YamlDotNet.dll
Symbol file LoadedFromMemory doesn't match image D:\UnityProjects\YMZX\Library\PackageCache\com.unity.visualscripting@1.8.0\Editor\VisualScripting.Core\Dependencies\DotNetZip\Unity.VisualScripting.IonicZip.dll
Native extension for WindowsStandalone target not found
Native extension for Android target not found
Refreshing native plugins compatible for Editor in 0.40 ms, found 3 plugins.
Preloading 0 native plugins for Editor in 0.00 ms.
Mono: successfully reloaded assembly
- Completed reload, in  0.679 seconds
Domain Reload Profiling:
	ReloadAssembly (680ms)
		BeginReloadAssembly (74ms)
			ExecutionOrderSort (0ms)
			DisableScriptedObjects (4ms)
			BackupInstance (0ms)
			ReleaseScriptingObjects (0ms)
			CreateAndSetChildDomain (13ms)
		EndReloadAssembly (527ms)
			LoadAssemblies (51ms)
			RebuildTransferFunctionScriptingTraits (0ms)
			SetupTypeCache (151ms)
			ReleaseScriptCaches (0ms)
			RebuildScriptCaches (41ms)
			SetupLoadedEditorAssemblies (251ms)
				LogAssemblyErrors (0ms)
				InitializePlatformSupportModulesInManaged (13ms)
				SetLoadedEditorAssemblies (0ms)
				RefreshPlugins (0ms)
				BeforeProcessingInitializeOnLoad (49ms)
				ProcessInitializeOnLoadAttributes (167ms)
				ProcessInitializeOnLoadMethodAttributes (14ms)
				AfterProcessingInitializeOnLoad (6ms)
				EditorAssembliesLoaded (0ms)
			ExecutionOrderSort2 (0ms)
			AwakeInstancesAfterBackupRestoration (4ms)
Platform modules already initialized, skipping
========================================================================
Worker process is ready to serve import requests
Launched and connected shader compiler UnityShaderCompiler.exe after 0.03 seconds
Refreshing native plugins compatible for Editor in 0.39 ms, found 3 plugins.
Preloading 0 native plugins for Editor in 0.00 ms.
Unloading 3529 Unused Serialized files (Serialized files now loaded: 0)
Unloading 38 unused Assets / (129.3 KB). Loaded Objects now: 3994.
Memory consumption went from 121.7 MB to 121.6 MB.
Total: 2.051200 ms (FindLiveObjects: 0.169700 ms CreateObjectMapping: 0.073700 ms MarkObjects: 1.737200 ms  DeleteObjects: 0.069600 ms)

AssetImportParameters requested are different than current active one (requested -> active):
  custom:video-decoder-ogg-theora: a1e56fd34408186e4bbccfd4996cb3dc -> 
  custom:container-muxer-webm: aa71ff27fc2769a1b78a27578f13a17b -> 
  custom:container-demuxer-webm: 4f35f7cbe854078d1ac9338744f61a02 -> 
  custom:video-encoder-webm-vp8: eb34c28f22e8b96e1ab97ce403110664 -> 
  custom:audio-encoder-webm-vorbis: bf7c407c2cedff20999df2af8eb42d56 -> 
  custom:framework-win-MediaFoundation: 216162199b28c13a410421893ffa2e32 -> 
  custom:container-demuxer-ogg: 62fdf1f143b41e24485cea50d1cbac27 -> 
  custom:video-decoder-webm-vp8: 9c59270c3fd7afecdb556c50c9e8de78 -> 
  custom:audio-decoder-ogg-vorbis: bf7c407c2cedff20999df2af8eb42d56 -> 
========================================================================
Received Import Request.
  Time since last request: 283072.998484 seconds.
  path: Assets/GameMain/Materials/done_fx_bolt_cyan_mat.mat
  artifactKey: Guid(63fe6ff9ab9e1433f8db4ebd940f2442) Importer(815301076,1909f56bfc062723c751e8b465ee728b)
Start importing Assets/GameMain/Materials/done_fx_bolt_cyan_mat.mat using Guid(63fe6ff9ab9e1433f8db4ebd940f2442) Importer(815301076,1909f56bfc062723c751e8b465ee728b) The asset at  has been scheduled for reimport during the Refresh loop and Loading of it has been attempted.
Doing this can lead to the AssetDatabase returning two versions of the same asset.
Please ensure that code which attempts to reimport this asset does not run while the editor is Refreshing.
You can do so by checking the value of EditorApplication.isUpdating
Tried select unknown importer for id '-2' '00000000000000000000000000000000'
 -> (artifact id: 'c425a4ee9ffe14b724abb6a20b38c7ec') in 0.084076 seconds 
========================================================================
Received Import Request.
  Time since last request: 0.000026 seconds.
  path: Assets/GameMain/Materials/part_jet_core_mat.mat
  artifactKey: Guid(c58c9afddbd36d14d837fa218d772996) Importer(815301076,1909f56bfc062723c751e8b465ee728b)
Start importing Assets/GameMain/Materials/part_jet_core_mat.mat using Guid(c58c9afddbd36d14d837fa218d772996) Importer(815301076,1909f56bfc062723c751e8b465ee728b)  -> (artifact id: '3ea6e01f994838259e8f2f18ac8eac3d') in 0.004842 seconds 
========================================================================
Received Import Request.
  Time since last request: 0.000030 seconds.
  path: Assets/GameMain/Materials/part_star_mat.mat
  artifactKey: Guid(185f97f18bd603a478461ce9c08bd039) Importer(815301076,1909f56bfc062723c751e8b465ee728b)
Start importing Assets/GameMain/Materials/part_star_mat.mat using Guid(185f97f18bd603a478461ce9c08bd039) Importer(815301076,1909f56bfc062723c751e8b465ee728b)  -> (artifact id: '4ffc7ad7fd9a7df788b7ba819aad66da') in 0.004692 seconds 
========================================================================
Received Import Request.
  Time since last request: 0.000019 seconds.
  path: Assets/GameMain/Materials/part_spark_white_mat.mat
  artifactKey: Guid(0f995b3145e0e7247a42da6cef1dbf23) Importer(815301076,1909f56bfc062723c751e8b465ee728b)
Start importing Assets/GameMain/Materials/part_spark_white_mat.mat using Guid(0f995b3145e0e7247a42da6cef1dbf23) Importer(815301076,1909f56bfc062723c751e8b465ee728b)  -> (artifact id: '8ceb47d9fad78e34d92a4f5f30606302') in 0.004746 seconds 
========================================================================
Received Import Request.
  Time since last request: 52.990248 seconds.
  path: Assets/GameMain/Scripts/Scene/ScrollableBackground.cs
  artifactKey: Guid(2712544bc58b0e44aa9df7e58e01e5c5) Importer(815301076,1909f56bfc062723c751e8b465ee728b)
Start importing Assets/GameMain/Scripts/Scene/ScrollableBackground.cs using Guid(2712544bc58b0e44aa9df7e58e01e5c5) Importer(815301076,1909f56bfc062723c751e8b465ee728b)  -> (artifact id: '8289478e14800889b37be2de9086f4c7') in 0.002076 seconds 
========================================================================
Received Import Request.
  Time since last request: 0.389922 seconds.
  path: Assets/GameMain/Scripts/Scene/HideByBoundary.cs
  artifactKey: Guid(649621152579e224a955822793b63aca) Importer(815301076,1909f56bfc062723c751e8b465ee728b)
Start importing Assets/GameMain/Scripts/Scene/HideByBoundary.cs using Guid(649621152579e224a955822793b63aca) Importer(815301076,1909f56bfc062723c751e8b465ee728b)  -> (artifact id: '981d2ff889af635584d0845bc255bd1f') in 0.000774 seconds 
========================================================================
Received Prepare
Registering precompiled user dll's ...
Registered in 0.004581 seconds.
Begin MonoManager ReloadAssembly
Symbol file LoadedFromMemory doesn't match image D:\UnityProjects\YMZX\Library\PackageCache\com.unity.visualscripting@1.8.0\Editor\VisualScripting.Core\Dependencies\YamlDotNet\Unity.VisualScripting.YamlDotNet.dll
Symbol file LoadedFromMemory doesn't match image D:\UnityProjects\YMZX\Library\PackageCache\com.unity.visualscripting@1.8.0\Editor\VisualScripting.Core\Dependencies\DotNetZip\Unity.VisualScripting.IonicZip.dll
Native extension for WindowsStandalone target not found
Native extension for Android target not found
Refreshing native plugins compatible for Editor in 0.37 ms, found 3 plugins.
Preloading 0 native plugins for Editor in 0.00 ms.
Mono: successfully reloaded assembly
- Completed reload, in  0.725 seconds
Domain Reload Profiling:
	ReloadAssembly (725ms)
		BeginReloadAssembly (100ms)
			ExecutionOrderSort (0ms)
			DisableScriptedObjects (3ms)
			BackupInstance (0ms)
			ReleaseScriptingObjects (0ms)
			CreateAndSetChildDomain (28ms)
		EndReloadAssembly (526ms)
			LoadAssemblies (61ms)
			RebuildTransferFunctionScriptingTraits (0ms)
			SetupTypeCache (158ms)
			ReleaseScriptCaches (1ms)
			RebuildScriptCaches (35ms)
			SetupLoadedEditorAssemblies (235ms)
				LogAssemblyErrors (0ms)
				InitializePlatformSupportModulesInManaged (19ms)
				SetLoadedEditorAssemblies (0ms)
				RefreshPlugins (0ms)
				BeforeProcessingInitializeOnLoad (40ms)
				ProcessInitializeOnLoadAttributes (155ms)
				ProcessInitializeOnLoadMethodAttributes (14ms)
				AfterProcessingInitializeOnLoad (6ms)
				EditorAssembliesLoaded (0ms)
			ExecutionOrderSort2 (0ms)
			AwakeInstancesAfterBackupRestoration (4ms)
Platform modules already initialized, skipping
Refreshing native plugins compatible for Editor in 1.13 ms, found 3 plugins.
Preloading 0 native plugins for Editor in 0.00 ms.
Unloading 3521 Unused Serialized files (Serialized files now loaded: 0)
Unloading 21 unused Assets / (95.3 KB). Loaded Objects now: 4048.
Memory consumption went from 126.1 MB to 126.0 MB.
Total: 1.865900 ms (FindLiveObjects: 0.156200 ms CreateObjectMapping: 0.077400 ms MarkObjects: 1.603400 ms  DeleteObjects: 0.028200 ms)

AssetImportParameters requested are different than current active one (requested -> active):
  custom:video-decoder-ogg-theora: a1e56fd34408186e4bbccfd4996cb3dc -> 
  custom:container-muxer-webm: aa71ff27fc2769a1b78a27578f13a17b -> 
  custom:container-demuxer-webm: 4f35f7cbe854078d1ac9338744f61a02 -> 
  custom:video-encoder-webm-vp8: eb34c28f22e8b96e1ab97ce403110664 -> 
  custom:audio-encoder-webm-vorbis: bf7c407c2cedff20999df2af8eb42d56 -> 
  custom:framework-win-MediaFoundation: 216162199b28c13a410421893ffa2e32 -> 
  custom:container-demuxer-ogg: 62fdf1f143b41e24485cea50d1cbac27 -> 
  custom:video-decoder-webm-vp8: 9c59270c3fd7afecdb556c50c9e8de78 -> 
  custom:audio-decoder-ogg-vorbis: bf7c407c2cedff20999df2af8eb42d56 -> 
========================================================================
Received Import Request.
  Time since last request: 27.478302 seconds.
  path: Assets/GameMain/Sounds
  artifactKey: Guid(bd88511da0fe74b49b2e524258462780) Importer(815301076,1909f56bfc062723c751e8b465ee728b)
Start importing Assets/GameMain/Sounds using Guid(bd88511da0fe74b49b2e524258462780) Importer(815301076,1909f56bfc062723c751e8b465ee728b)  -> (artifact id: 'fc9de10803509dcedd07d8ce3b450bf3') in 0.004700 seconds 
========================================================================
Received Import Request.
  Time since last request: 0.080437 seconds.
  path: Assets/GameMain/Sounds/explosion_enemy.wav
  artifactKey: Guid(72e76810224064300b7d32e8322a5d12) Importer(815301076,1909f56bfc062723c751e8b465ee728b)
Start importing Assets/GameMain/Sounds/explosion_enemy.wav using Guid(72e76810224064300b7d32e8322a5d12) Importer(815301076,1909f56bfc062723c751e8b465ee728b)  -> (artifact id: '7ccbc47c0115260412f746a50271265b') in 0.043332 seconds 
========================================================================
Received Import Request.
  Time since last request: 25.053416 seconds.
  path: Assets/GameMain/UI
  artifactKey: Guid(1b4f365128ca0464e92e3807ed00659e) Importer(815301076,1909f56bfc062723c751e8b465ee728b)
Start importing Assets/GameMain/UI using Guid(1b4f365128ca0464e92e3807ed00659e) Importer(815301076,1909f56bfc062723c751e8b465ee728b)  -> (artifact id: 'e91cca6044dd16cf8c7cb517f75a2a0d') in 0.000847 seconds 
========================================================================
Received Import Request.
  Time since last request: 3.014890 seconds.
  path: Assets/GameMain/UI/UIForms
  artifactKey: Guid(871a87dc5ec966f4390ac5f4ff8f983a) Importer(815301076,1909f56bfc062723c751e8b465ee728b)
Start importing Assets/GameMain/UI/UIForms using Guid(871a87dc5ec966f4390ac5f4ff8f983a) Importer(815301076,1909f56bfc062723c751e8b465ee728b)  -> (artifact id: '3693b8faf9dff2adecb3d5bad18ea12d') in 0.000794 seconds 
========================================================================
Received Import Request.
  Time since last request: 0.136501 seconds.
  path: Assets/GameMain/UI/UIForms/DialogForm.prefab
  artifactKey: Guid(04d7dde7615d71b4db1a0c8d67a62e95) Importer(815301076,1909f56bfc062723c751e8b465ee728b)
Start importing Assets/GameMain/UI/UIForms/DialogForm.prefab using Guid(04d7dde7615d71b4db1a0c8d67a62e95) Importer(815301076,1909f56bfc062723c751e8b465ee728b)  -> (artifact id: '6906d1b103d3cd4e9ec32d8a9db47822') in 0.014379 seconds 
========================================================================
Received Import Request.
  Time since last request: 0.000021 seconds.
  path: Assets/GameMain/UI/UIForms/UpdateResourceForm.prefab
  artifactKey: Guid(a6c731de80e9d824d8f657301a357269) Importer(815301076,1909f56bfc062723c751e8b465ee728b)
Start importing Assets/GameMain/UI/UIForms/UpdateResourceForm.prefab using Guid(a6c731de80e9d824d8f657301a357269) Importer(815301076,1909f56bfc062723c751e8b465ee728b)  -> (artifact id: '27c5c544936b27cf124353d7b93e43bf') in 0.004572 seconds 
========================================================================
Received Import Request.
  Time since last request: 13.195017 seconds.
  path: Assets/GameMain/UI/UISounds
  artifactKey: Guid(1067cb7bb352e05419d467613a39a241) Importer(815301076,1909f56bfc062723c751e8b465ee728b)
Start importing Assets/GameMain/UI/UISounds using Guid(1067cb7bb352e05419d467613a39a241) Importer(815301076,1909f56bfc062723c751e8b465ee728b)  -> (artifact id: '2a1061d87f01f9236b3f4aac343269bc') in 0.000797 seconds 
========================================================================
Received Import Request.
  Time since last request: 0.535465 seconds.
  path: Assets/GameMain/UI/UISprites
  artifactKey: Guid(ff9a673948eaecf4bbfc9cefed3cde8a) Importer(815301076,1909f56bfc062723c751e8b465ee728b)
Start importing Assets/GameMain/UI/UISprites using Guid(ff9a673948eaecf4bbfc9cefed3cde8a) Importer(815301076,1909f56bfc062723c751e8b465ee728b)  -> (artifact id: 'f0f1c9657f306a23209064dcb8820f70') in 0.000742 seconds 
========================================================================
Received Import Request.
  Time since last request: 0.731322 seconds.
  path: Assets/GameMain/UI/UIItems
  artifactKey: Guid(fe17212d27dee6043bdcee3e23e15281) Importer(815301076,1909f56bfc062723c751e8b465ee728b)
Start importing Assets/GameMain/UI/UIItems using Guid(fe17212d27dee6043bdcee3e23e15281) Importer(815301076,1909f56bfc062723c751e8b465ee728b)  -> (artifact id: '22f1616235b640249b243ea9959edac3') in 0.000752 seconds 
========================================================================
Received Import Request.
  Time since last request: 31.600083 seconds.
  path: Assets/YMZX/Material/Panel.mat
  artifactKey: Guid(ba8676627f740e1448de70b2cb77ddc8) Importer(815301076,1909f56bfc062723c751e8b465ee728b)
Start importing Assets/YMZX/Material/Panel.mat using Guid(ba8676627f740e1448de70b2cb77ddc8) Importer(815301076,1909f56bfc062723c751e8b465ee728b)  -> (artifact id: 'cf3c980bdb32e106bf68c1c9ccc9c55e') in 0.027034 seconds 
========================================================================
Received Import Request.
  Time since last request: 14.405897 seconds.
  path: Assets/YMZX/Scene/Main.unity
  artifactKey: Guid(ebae945cb8a6c334b8d114f03609d4fb) Importer(815301076,1909f56bfc062723c751e8b465ee728b)
Start importing Assets/YMZX/Scene/Main.unity using Guid(ebae945cb8a6c334b8d114f03609d4fb) Importer(815301076,1909f56bfc062723c751e8b465ee728b)  -> (artifact id: 'b7a3c02ca33bb47c970c6e69276a9d9f') in 0.000917 seconds 
========================================================================
Received Import Request.
  Time since last request: 67.090505 seconds.
  path: Assets/YMZX/Editor/SelectConfigurableJoints.cs
  artifactKey: Guid(1bbe13b93fe68b34497ec0ba55f83ab5) Importer(815301076,1909f56bfc062723c751e8b465ee728b)
Start importing Assets/YMZX/Editor/SelectConfigurableJoints.cs using Guid(1bbe13b93fe68b34497ec0ba55f83ab5) Importer(815301076,1909f56bfc062723c751e8b465ee728b)  -> (artifact id: '553e3f600935d1d855665668647b5724') in 0.000784 seconds 
========================================================================
Received Prepare
Registering precompiled user dll's ...
Registered in 0.004736 seconds.
Begin MonoManager ReloadAssembly
Symbol file LoadedFromMemory doesn't match image D:\UnityProjects\YMZX\Library\PackageCache\com.unity.visualscripting@1.8.0\Editor\VisualScripting.Core\Dependencies\YamlDotNet\Unity.VisualScripting.YamlDotNet.dll
Symbol file LoadedFromMemory doesn't match image D:\UnityProjects\YMZX\Library\PackageCache\com.unity.visualscripting@1.8.0\Editor\VisualScripting.Core\Dependencies\DotNetZip\Unity.VisualScripting.IonicZip.dll
Native extension for WindowsStandalone target not found
Native extension for Android target not found
Refreshing native plugins compatible for Editor in 0.38 ms, found 3 plugins.
Preloading 0 native plugins for Editor in 0.00 ms.
Mono: successfully reloaded assembly
- Completed reload, in  0.704 seconds
Domain Reload Profiling:
	ReloadAssembly (704ms)
		BeginReloadAssembly (98ms)
			ExecutionOrderSort (0ms)
			DisableScriptedObjects (3ms)
			BackupInstance (0ms)
			ReleaseScriptingObjects (0ms)
			CreateAndSetChildDomain (27ms)
		EndReloadAssembly (508ms)
			LoadAssemblies (59ms)
			RebuildTransferFunctionScriptingTraits (0ms)
			SetupTypeCache (164ms)
			ReleaseScriptCaches (1ms)
			RebuildScriptCaches (30ms)
			SetupLoadedEditorAssemblies (225ms)
				LogAssemblyErrors (0ms)
				InitializePlatformSupportModulesInManaged (18ms)
				SetLoadedEditorAssemblies (0ms)
				RefreshPlugins (0ms)
				BeforeProcessingInitializeOnLoad (38ms)
				ProcessInitializeOnLoadAttributes (144ms)
				ProcessInitializeOnLoadMethodAttributes (18ms)
				AfterProcessingInitializeOnLoad (6ms)
				EditorAssembliesLoaded (0ms)
			ExecutionOrderSort2 (0ms)
			AwakeInstancesAfterBackupRestoration (4ms)
Platform modules already initialized, skipping
Refreshing native plugins compatible for Editor in 1.52 ms, found 3 plugins.
Preloading 0 native plugins for Editor in 0.00 ms.
Unloading 3521 Unused Serialized files (Serialized files now loaded: 0)
Unloading 19 unused Assets / (95.3 KB). Loaded Objects now: 4067.
Memory consumption went from 126.3 MB to 126.2 MB.
Total: 1.849800 ms (FindLiveObjects: 0.165500 ms CreateObjectMapping: 0.072300 ms MarkObjects: 1.583800 ms  DeleteObjects: 0.027400 ms)

AssetImportParameters requested are different than current active one (requested -> active):
  custom:video-decoder-ogg-theora: a1e56fd34408186e4bbccfd4996cb3dc -> 
  custom:container-muxer-webm: aa71ff27fc2769a1b78a27578f13a17b -> 
  custom:container-demuxer-webm: 4f35f7cbe854078d1ac9338744f61a02 -> 
  custom:video-encoder-webm-vp8: eb34c28f22e8b96e1ab97ce403110664 -> 
  custom:audio-encoder-webm-vorbis: bf7c407c2cedff20999df2af8eb42d56 -> 
  custom:framework-win-MediaFoundation: 216162199b28c13a410421893ffa2e32 -> 
  custom:container-demuxer-ogg: 62fdf1f143b41e24485cea50d1cbac27 -> 
  custom:video-decoder-webm-vp8: 9c59270c3fd7afecdb556c50c9e8de78 -> 
  custom:audio-decoder-ogg-vorbis: bf7c407c2cedff20999df2af8eb42d56 -> 
========================================================================
Received Import Request.
  Time since last request: 10.409665 seconds.
  path: Assets/YMZX/Script/CopyLimb.cs
  artifactKey: Guid(32ffa3776d31d58499efd9253d5ac20d) Importer(815301076,1909f56bfc062723c751e8b465ee728b)
Start importing Assets/YMZX/Script/CopyLimb.cs using Guid(32ffa3776d31d58499efd9253d5ac20d) Importer(815301076,1909f56bfc062723c751e8b465ee728b)  -> (artifact id: '2b83666050bfba15490ff199b0434ea4') in 0.004230 seconds 
========================================================================
Received Import Request.
  Time since last request: 6.310012 seconds.
  path: Assets/RagdollController.cs
  artifactKey: Guid(03ee410f5adf9124b862d223314c2c80) Importer(815301076,1909f56bfc062723c751e8b465ee728b)
Start importing Assets/RagdollController.cs using Guid(03ee410f5adf9124b862d223314c2c80) Importer(815301076,1909f56bfc062723c751e8b465ee728b)  -> (artifact id: '9a4c14df4efd06e97bc4d82d629d9063') in 0.000735 seconds 
========================================================================
Received Prepare
Registering precompiled user dll's ...
Registered in 0.004660 seconds.
Begin MonoManager ReloadAssembly
Symbol file LoadedFromMemory doesn't match image D:\UnityProjects\YMZX\Library\PackageCache\com.unity.visualscripting@1.8.0\Editor\VisualScripting.Core\Dependencies\YamlDotNet\Unity.VisualScripting.YamlDotNet.dll
Symbol file LoadedFromMemory doesn't match image D:\UnityProjects\YMZX\Library\PackageCache\com.unity.visualscripting@1.8.0\Editor\VisualScripting.Core\Dependencies\DotNetZip\Unity.VisualScripting.IonicZip.dll
Native extension for WindowsStandalone target not found
Native extension for Android target not found
Refreshing native plugins compatible for Editor in 0.37 ms, found 3 plugins.
Preloading 0 native plugins for Editor in 0.00 ms.
Mono: successfully reloaded assembly
- Completed reload, in  0.692 seconds
Domain Reload Profiling:
	ReloadAssembly (692ms)
		BeginReloadAssembly (98ms)
			ExecutionOrderSort (0ms)
			DisableScriptedObjects (3ms)
			BackupInstance (0ms)
			ReleaseScriptingObjects (0ms)
			CreateAndSetChildDomain (26ms)
		EndReloadAssembly (518ms)
			LoadAssemblies (72ms)
			RebuildTransferFunctionScriptingTraits (0ms)
			SetupTypeCache (161ms)
			ReleaseScriptCaches (1ms)
			RebuildScriptCaches (31ms)
			SetupLoadedEditorAssemblies (225ms)
				LogAssemblyErrors (0ms)
				InitializePlatformSupportModulesInManaged (18ms)
				SetLoadedEditorAssemblies (0ms)
				RefreshPlugins (0ms)
				BeforeProcessingInitializeOnLoad (40ms)
				ProcessInitializeOnLoadAttributes (144ms)
				ProcessInitializeOnLoadMethodAttributes (15ms)
				AfterProcessingInitializeOnLoad (7ms)
				EditorAssembliesLoaded (0ms)
			ExecutionOrderSort2 (0ms)
			AwakeInstancesAfterBackupRestoration (4ms)
Platform modules already initialized, skipping
Refreshing native plugins compatible for Editor in 1.36 ms, found 3 plugins.
Preloading 0 native plugins for Editor in 0.00 ms.
Unloading 3521 Unused Serialized files (Serialized files now loaded: 0)
Unloading 19 unused Assets / (95.4 KB). Loaded Objects now: 4082.
Memory consumption went from 126.3 MB to 126.2 MB.
Total: 1.815500 ms (FindLiveObjects: 0.159900 ms CreateObjectMapping: 0.070700 ms MarkObjects: 1.557500 ms  DeleteObjects: 0.026700 ms)

AssetImportParameters requested are different than current active one (requested -> active):
  custom:video-decoder-ogg-theora: a1e56fd34408186e4bbccfd4996cb3dc -> 
  custom:container-muxer-webm: aa71ff27fc2769a1b78a27578f13a17b -> 
  custom:container-demuxer-webm: 4f35f7cbe854078d1ac9338744f61a02 -> 
  custom:video-encoder-webm-vp8: eb34c28f22e8b96e1ab97ce403110664 -> 
  custom:audio-encoder-webm-vorbis: bf7c407c2cedff20999df2af8eb42d56 -> 
  custom:framework-win-MediaFoundation: 216162199b28c13a410421893ffa2e32 -> 
  custom:container-demuxer-ogg: 62fdf1f143b41e24485cea50d1cbac27 -> 
  custom:video-decoder-webm-vp8: 9c59270c3fd7afecdb556c50c9e8de78 -> 
  custom:audio-decoder-ogg-vorbis: bf7c407c2cedff20999df2af8eb42d56 -> 
========================================================================
Received Prepare
Registering precompiled user dll's ...
Registered in 0.004435 seconds.
Begin MonoManager ReloadAssembly
Symbol file LoadedFromMemory doesn't match image D:\UnityProjects\YMZX\Library\PackageCache\com.unity.visualscripting@1.8.0\Editor\VisualScripting.Core\Dependencies\YamlDotNet\Unity.VisualScripting.YamlDotNet.dll
Symbol file LoadedFromMemory doesn't match image D:\UnityProjects\YMZX\Library\PackageCache\com.unity.visualscripting@1.8.0\Editor\VisualScripting.Core\Dependencies\DotNetZip\Unity.VisualScripting.IonicZip.dll
Native extension for WindowsStandalone target not found
Native extension for Android target not found
Refreshing native plugins compatible for Editor in 0.36 ms, found 3 plugins.
Preloading 0 native plugins for Editor in 0.00 ms.
Mono: successfully reloaded assembly
- Completed reload, in  0.692 seconds
Domain Reload Profiling:
	ReloadAssembly (692ms)
		BeginReloadAssembly (109ms)
			ExecutionOrderSort (0ms)
			DisableScriptedObjects (3ms)
			BackupInstance (0ms)
			ReleaseScriptingObjects (0ms)
			CreateAndSetChildDomain (26ms)
		EndReloadAssembly (494ms)
			LoadAssemblies (70ms)
			RebuildTransferFunctionScriptingTraits (0ms)
			SetupTypeCache (149ms)
			ReleaseScriptCaches (1ms)
			RebuildScriptCaches (31ms)
			SetupLoadedEditorAssemblies (227ms)
				LogAssemblyErrors (0ms)
				InitializePlatformSupportModulesInManaged (18ms)
				SetLoadedEditorAssemblies (0ms)
				RefreshPlugins (0ms)
				BeforeProcessingInitializeOnLoad (40ms)
				ProcessInitializeOnLoadAttributes (149ms)
				ProcessInitializeOnLoadMethodAttributes (13ms)
				AfterProcessingInitializeOnLoad (7ms)
				EditorAssembliesLoaded (0ms)
			ExecutionOrderSort2 (0ms)
			AwakeInstancesAfterBackupRestoration (4ms)
Platform modules already initialized, skipping
Refreshing native plugins compatible for Editor in 1.09 ms, found 3 plugins.
Preloading 0 native plugins for Editor in 0.00 ms.
Unloading 3521 Unused Serialized files (Serialized files now loaded: 0)
Unloading 19 unused Assets / (95.3 KB). Loaded Objects now: 4097.
Memory consumption went from 126.3 MB to 126.2 MB.
Total: 1.835000 ms (FindLiveObjects: 0.170700 ms CreateObjectMapping: 0.071200 ms MarkObjects: 1.564500 ms  DeleteObjects: 0.027400 ms)

AssetImportParameters requested are different than current active one (requested -> active):
  custom:video-decoder-ogg-theora: a1e56fd34408186e4bbccfd4996cb3dc -> 
  custom:container-muxer-webm: aa71ff27fc2769a1b78a27578f13a17b -> 
  custom:container-demuxer-webm: 4f35f7cbe854078d1ac9338744f61a02 -> 
  custom:video-encoder-webm-vp8: eb34c28f22e8b96e1ab97ce403110664 -> 
  custom:audio-encoder-webm-vorbis: bf7c407c2cedff20999df2af8eb42d56 -> 
  custom:framework-win-MediaFoundation: 216162199b28c13a410421893ffa2e32 -> 
  custom:container-demuxer-ogg: 62fdf1f143b41e24485cea50d1cbac27 -> 
  custom:video-decoder-webm-vp8: 9c59270c3fd7afecdb556c50c9e8de78 -> 
  custom:audio-decoder-ogg-vorbis: bf7c407c2cedff20999df2af8eb42d56 -> 
========================================================================
Received Import Request.
  Time since last request: 18.475473 seconds.
  path: Assets/YMZX/Script/Scene
  artifactKey: Guid(1dece754541f7a147ad0b86c6068f5cd) Importer(815301076,1909f56bfc062723c751e8b465ee728b)
Start importing Assets/YMZX/Script/Scene using Guid(1dece754541f7a147ad0b86c6068f5cd) Importer(815301076,1909f56bfc062723c751e8b465ee728b)  -> (artifact id: '30915c550d5f031dcf7845786861d9cd') in 0.004185 seconds 
========================================================================
Received Prepare
Registering precompiled user dll's ...
Registered in 0.004547 seconds.
Begin MonoManager ReloadAssembly
Symbol file LoadedFromMemory doesn't match image D:\UnityProjects\YMZX\Library\PackageCache\com.unity.visualscripting@1.8.0\Editor\VisualScripting.Core\Dependencies\YamlDotNet\Unity.VisualScripting.YamlDotNet.dll
Symbol file LoadedFromMemory doesn't match image D:\UnityProjects\YMZX\Library\PackageCache\com.unity.visualscripting@1.8.0\Editor\VisualScripting.Core\Dependencies\DotNetZip\Unity.VisualScripting.IonicZip.dll
Native extension for WindowsStandalone target not found
Native extension for Android target not found
Refreshing native plugins compatible for Editor in 0.37 ms, found 3 plugins.
Preloading 0 native plugins for Editor in 0.00 ms.
Mono: successfully reloaded assembly
- Completed reload, in  0.692 seconds
Domain Reload Profiling:
	ReloadAssembly (693ms)
		BeginReloadAssembly (108ms)
			ExecutionOrderSort (0ms)
			DisableScriptedObjects (3ms)
			BackupInstance (0ms)
			ReleaseScriptingObjects (0ms)
			CreateAndSetChildDomain (23ms)
		EndReloadAssembly (499ms)
			LoadAssemblies (70ms)
			RebuildTransferFunctionScriptingTraits (0ms)
			SetupTypeCache (151ms)
			ReleaseScriptCaches (1ms)
			RebuildScriptCaches (31ms)
			SetupLoadedEditorAssemblies (220ms)
				LogAssemblyErrors (0ms)
				InitializePlatformSupportModulesInManaged (18ms)
				SetLoadedEditorAssemblies (0ms)
				RefreshPlugins (0ms)
				BeforeProcessingInitializeOnLoad (39ms)
				ProcessInitializeOnLoadAttributes (143ms)
				ProcessInitializeOnLoadMethodAttributes (13ms)
				AfterProcessingInitializeOnLoad (7ms)
				EditorAssembliesLoaded (0ms)
			ExecutionOrderSort2 (0ms)
			AwakeInstancesAfterBackupRestoration (5ms)
Platform modules already initialized, skipping
Refreshing native plugins compatible for Editor in 1.11 ms, found 3 plugins.
Preloading 0 native plugins for Editor in 0.00 ms.
Unloading 3521 Unused Serialized files (Serialized files now loaded: 0)
Unloading 19 unused Assets / (95.4 KB). Loaded Objects now: 4112.
Memory consumption went from 126.4 MB to 126.3 MB.
Total: 1.885800 ms (FindLiveObjects: 0.164300 ms CreateObjectMapping: 0.073700 ms MarkObjects: 1.620800 ms  DeleteObjects: 0.025600 ms)

AssetImportParameters requested are different than current active one (requested -> active):
  custom:video-decoder-ogg-theora: a1e56fd34408186e4bbccfd4996cb3dc -> 
  custom:container-muxer-webm: aa71ff27fc2769a1b78a27578f13a17b -> 
  custom:container-demuxer-webm: 4f35f7cbe854078d1ac9338744f61a02 -> 
  custom:video-encoder-webm-vp8: eb34c28f22e8b96e1ab97ce403110664 -> 
  custom:audio-encoder-webm-vorbis: bf7c407c2cedff20999df2af8eb42d56 -> 
  custom:framework-win-MediaFoundation: 216162199b28c13a410421893ffa2e32 -> 
  custom:container-demuxer-ogg: 62fdf1f143b41e24485cea50d1cbac27 -> 
  custom:video-decoder-webm-vp8: 9c59270c3fd7afecdb556c50c9e8de78 -> 
  custom:audio-decoder-ogg-vorbis: bf7c407c2cedff20999df2af8eb42d56 -> 
========================================================================
Received Import Request.
  Time since last request: 29.587767 seconds.
  path: Assets/YMZX/Script/Scene/CopyLimb.cs
  artifactKey: Guid(32ffa3776d31d58499efd9253d5ac20d) Importer(815301076,1909f56bfc062723c751e8b465ee728b)
Start importing Assets/YMZX/Script/Scene/CopyLimb.cs using Guid(32ffa3776d31d58499efd9253d5ac20d) Importer(815301076,1909f56bfc062723c751e8b465ee728b)  -> (artifact id: '976cb5074d8461c7e1987457495eb83d') in 0.005408 seconds 
========================================================================
Received Prepare
Registering precompiled user dll's ...
Registered in 0.004514 seconds.
Begin MonoManager ReloadAssembly
Symbol file LoadedFromMemory doesn't match image D:\UnityProjects\YMZX\Library\PackageCache\com.unity.visualscripting@1.8.0\Editor\VisualScripting.Core\Dependencies\YamlDotNet\Unity.VisualScripting.YamlDotNet.dll
Symbol file LoadedFromMemory doesn't match image D:\UnityProjects\YMZX\Library\PackageCache\com.unity.visualscripting@1.8.0\Editor\VisualScripting.Core\Dependencies\DotNetZip\Unity.VisualScripting.IonicZip.dll
Native extension for WindowsStandalone target not found
Native extension for Android target not found
Refreshing native plugins compatible for Editor in 0.38 ms, found 3 plugins.
Preloading 0 native plugins for Editor in 0.00 ms.
Mono: successfully reloaded assembly
- Completed reload, in  0.695 seconds
Domain Reload Profiling:
	ReloadAssembly (695ms)
		BeginReloadAssembly (89ms)
			ExecutionOrderSort (0ms)
			DisableScriptedObjects (4ms)
			BackupInstance (0ms)
			ReleaseScriptingObjects (0ms)
			CreateAndSetChildDomain (22ms)
		EndReloadAssembly (519ms)
			LoadAssemblies (57ms)
			RebuildTransferFunctionScriptingTraits (0ms)
			SetupTypeCache (154ms)
			ReleaseScriptCaches (1ms)
			RebuildScriptCaches (33ms)
			SetupLoadedEditorAssemblies (226ms)
				LogAssemblyErrors (0ms)
				InitializePlatformSupportModulesInManaged (18ms)
				SetLoadedEditorAssemblies (0ms)
				RefreshPlugins (0ms)
				BeforeProcessingInitializeOnLoad (40ms)
				ProcessInitializeOnLoadAttributes (146ms)
				ProcessInitializeOnLoadMethodAttributes (13ms)
				AfterProcessingInitializeOnLoad (8ms)
				EditorAssembliesLoaded (0ms)
			ExecutionOrderSort2 (0ms)
			AwakeInstancesAfterBackupRestoration (5ms)
Platform modules already initialized, skipping
Refreshing native plugins compatible for Editor in 1.20 ms, found 3 plugins.
Preloading 0 native plugins for Editor in 0.00 ms.
Unloading 3521 Unused Serialized files (Serialized files now loaded: 0)
Unloading 19 unused Assets / (95.3 KB). Loaded Objects now: 4127.
Memory consumption went from 126.4 MB to 126.3 MB.
Total: 2.017200 ms (FindLiveObjects: 0.174200 ms CreateObjectMapping: 0.078700 ms MarkObjects: 1.734500 ms  DeleteObjects: 0.028700 ms)

AssetImportParameters requested are different than current active one (requested -> active):
  custom:video-decoder-ogg-theora: a1e56fd34408186e4bbccfd4996cb3dc -> 
  custom:container-muxer-webm: aa71ff27fc2769a1b78a27578f13a17b -> 
  custom:container-demuxer-webm: 4f35f7cbe854078d1ac9338744f61a02 -> 
  custom:video-encoder-webm-vp8: eb34c28f22e8b96e1ab97ce403110664 -> 
  custom:audio-encoder-webm-vorbis: bf7c407c2cedff20999df2af8eb42d56 -> 
  custom:framework-win-MediaFoundation: 216162199b28c13a410421893ffa2e32 -> 
  custom:container-demuxer-ogg: 62fdf1f143b41e24485cea50d1cbac27 -> 
  custom:video-decoder-webm-vp8: 9c59270c3fd7afecdb556c50c9e8de78 -> 
  custom:audio-decoder-ogg-vorbis: bf7c407c2cedff20999df2af8eb42d56 -> 
========================================================================
Received Import Request.
  Time since last request: 125.971770 seconds.
  path: Assets/UGF/Scripts/Runtime/FileSystem
  artifactKey: Guid(080a8216f14ee5047b7fc9d20c8baf37) Importer(815301076,1909f56bfc062723c751e8b465ee728b)
Start importing Assets/UGF/Scripts/Runtime/FileSystem using Guid(080a8216f14ee5047b7fc9d20c8baf37) Importer(815301076,1909f56bfc062723c751e8b465ee728b)  -> (artifact id: '80f75974c128d1d89f1dfebb0e9bb8bc') in 0.004649 seconds 
========================================================================
Received Import Request.
  Time since last request: 0.698183 seconds.
  path: Assets/UGF/Scripts/Runtime/Event
  artifactKey: Guid(6a1049d8ab8f5f147831166d2e3a8db7) Importer(815301076,1909f56bfc062723c751e8b465ee728b)
Start importing Assets/UGF/Scripts/Runtime/Event using Guid(6a1049d8ab8f5f147831166d2e3a8db7) Importer(815301076,1909f56bfc062723c751e8b465ee728b)  -> (artifact id: '857df7d2c4143e7bcec544d9d0edc961') in 0.000804 seconds 
========================================================================
Received Import Request.
  Time since last request: 11.527007 seconds.
  path: Assets/GameMain/Scenes/Menu.unity
  artifactKey: Guid(b031b4f2980561542a7f7ba41391edc3) Importer(815301076,1909f56bfc062723c751e8b465ee728b)
Start importing Assets/GameMain/Scenes/Menu.unity using Guid(b031b4f2980561542a7f7ba41391edc3) Importer(815301076,1909f56bfc062723c751e8b465ee728b)  -> (artifact id: 'e538148128cd3efcbf086af347e95081') in 0.000759 seconds 
========================================================================
Received Import Request.
  Time since last request: 10.010304 seconds.
  path: Assets/YMZX/Scenes
  artifactKey: Guid(638164b4482d4c44aaf5b2476f361666) Importer(815301076,1909f56bfc062723c751e8b465ee728b)
Start importing Assets/YMZX/Scenes using Guid(638164b4482d4c44aaf5b2476f361666) Importer(815301076,1909f56bfc062723c751e8b465ee728b)  -> (artifact id: '223f38ed4d2d283644bc480a61f8995c') in 0.000751 seconds 
========================================================================
Received Prepare
Registering precompiled user dll's ...
Registered in 0.004700 seconds.
Begin MonoManager ReloadAssembly
Symbol file LoadedFromMemory doesn't match image D:\UnityProjects\YMZX\Library\PackageCache\com.unity.visualscripting@1.8.0\Editor\VisualScripting.Core\Dependencies\YamlDotNet\Unity.VisualScripting.YamlDotNet.dll
Symbol file LoadedFromMemory doesn't match image D:\UnityProjects\YMZX\Library\PackageCache\com.unity.visualscripting@1.8.0\Editor\VisualScripting.Core\Dependencies\DotNetZip\Unity.VisualScripting.IonicZip.dll
Native extension for WindowsStandalone target not found
Native extension for Android target not found
Refreshing native plugins compatible for Editor in 0.37 ms, found 3 plugins.
Preloading 0 native plugins for Editor in 0.00 ms.
Mono: successfully reloaded assembly
- Completed reload, in  0.689 seconds
Domain Reload Profiling:
	ReloadAssembly (690ms)
		BeginReloadAssembly (100ms)
			ExecutionOrderSort (0ms)
			DisableScriptedObjects (5ms)
			BackupInstance (0ms)
			ReleaseScriptingObjects (0ms)
			CreateAndSetChildDomain (21ms)
		EndReloadAssembly (499ms)
			LoadAssemblies (62ms)
			RebuildTransferFunctionScriptingTraits (0ms)
			SetupTypeCache (154ms)
			ReleaseScriptCaches (1ms)
			RebuildScriptCaches (33ms)
			SetupLoadedEditorAssemblies (228ms)
				LogAssemblyErrors (0ms)
				InitializePlatformSupportModulesInManaged (18ms)
				SetLoadedEditorAssemblies (0ms)
				RefreshPlugins (0ms)
				BeforeProcessingInitializeOnLoad (40ms)
				ProcessInitializeOnLoadAttributes (146ms)
				ProcessInitializeOnLoadMethodAttributes (15ms)
				AfterProcessingInitializeOnLoad (7ms)
				EditorAssembliesLoaded (0ms)
			ExecutionOrderSort2 (0ms)
			AwakeInstancesAfterBackupRestoration (4ms)
Platform modules already initialized, skipping
Refreshing native plugins compatible for Editor in 1.34 ms, found 3 plugins.
Preloading 0 native plugins for Editor in 0.00 ms.
Unloading 3521 Unused Serialized files (Serialized files now loaded: 0)
Unloading 19 unused Assets / (95.3 KB). Loaded Objects now: 4142.
Memory consumption went from 126.4 MB to 126.3 MB.
Total: 1.860400 ms (FindLiveObjects: 0.163800 ms CreateObjectMapping: 0.075100 ms MarkObjects: 1.595900 ms  DeleteObjects: 0.025100 ms)

AssetImportParameters requested are different than current active one (requested -> active):
  custom:video-decoder-ogg-theora: a1e56fd34408186e4bbccfd4996cb3dc -> 
  custom:container-muxer-webm: aa71ff27fc2769a1b78a27578f13a17b -> 
  custom:container-demuxer-webm: 4f35f7cbe854078d1ac9338744f61a02 -> 
  custom:video-encoder-webm-vp8: eb34c28f22e8b96e1ab97ce403110664 -> 
  custom:audio-encoder-webm-vorbis: bf7c407c2cedff20999df2af8eb42d56 -> 
  custom:framework-win-MediaFoundation: 216162199b28c13a410421893ffa2e32 -> 
  custom:container-demuxer-ogg: 62fdf1f143b41e24485cea50d1cbac27 -> 
  custom:video-decoder-webm-vp8: 9c59270c3fd7afecdb556c50c9e8de78 -> 
  custom:audio-decoder-ogg-vorbis: bf7c407c2cedff20999df2af8eb42d56 -> 
========================================================================
Received Import Request.
  Time since last request: 37.877115 seconds.
  path: Assets/YMZXLauncherSettings.lighting
  artifactKey: Guid(022a992a0a854eb40acd4177a0be7f9f) Importer(815301076,1909f56bfc062723c751e8b465ee728b)
Start importing Assets/YMZXLauncherSettings.lighting using Guid(022a992a0a854eb40acd4177a0be7f9f) Importer(815301076,1909f56bfc062723c751e8b465ee728b) LightingSettings: switching bake backend from 1 to 0.
 -> (artifact id: '18e2c6c3f3eff85679656998353583c0') in 0.010795 seconds 
========================================================================
Received Import Request.
  Time since last request: 48.471610 seconds.
  path: Assets/GameMain/Scenes/Main.unity
  artifactKey: Guid(4473d81b14ddb0143addf0e6050d8491) Importer(815301076,1909f56bfc062723c751e8b465ee728b)
Start importing Assets/GameMain/Scenes/Main.unity using Guid(4473d81b14ddb0143addf0e6050d8491) Importer(815301076,1909f56bfc062723c751e8b465ee728b)  -> (artifact id: '4731a7db056f89e4e633dd60318f831e') in 0.000762 seconds 
========================================================================
Received Import Request.
  Time since last request: 0.467676 seconds.
  path: Assets/GameMain/Scenes/Main - Copy.unity
  artifactKey: Guid(ebae945cb8a6c334b8d114f03609d4fb) Importer(815301076,1909f56bfc062723c751e8b465ee728b)
Start importing Assets/GameMain/Scenes/Main - Copy.unity using Guid(ebae945cb8a6c334b8d114f03609d4fb) Importer(815301076,1909f56bfc062723c751e8b465ee728b)  -> (artifact id: '9cd8267a34d108566d83f5f4e52aaaba') in 0.000706 seconds 
========================================================================
Received Import Request.
  Time since last request: 9.697738 seconds.
  path: Assets/GameMain/Scenes/Main.unity
  artifactKey: Guid(ebae945cb8a6c334b8d114f03609d4fb) Importer(815301076,1909f56bfc062723c751e8b465ee728b)
Start importing Assets/GameMain/Scenes/Main.unity using Guid(ebae945cb8a6c334b8d114f03609d4fb) Importer(815301076,1909f56bfc062723c751e8b465ee728b)  -> (artifact id: '1b4df110bc121fc495d847fbfc6de10e') in 0.000702 seconds 
========================================================================
Received Import Request.
  Time since last request: 2.367338 seconds.
  path: Assets/GameMain/Scenes/MainSettings.lighting
  artifactKey: Guid(b6efc10e9d1ed7641aead23a41f0867e) Importer(815301076,1909f56bfc062723c751e8b465ee728b)
Start importing Assets/GameMain/Scenes/MainSettings.lighting using Guid(b6efc10e9d1ed7641aead23a41f0867e) Importer(815301076,1909f56bfc062723c751e8b465ee728b) LightingSettings: switching bake backend from 1 to 0.
 -> (artifact id: 'b1149768dd3095000181acd1647194b6') in 0.001177 seconds 
========================================================================
Received Import Request.
  Time since last request: 60.782217 seconds.
  path: Assets/GameMain/Entities/RagdollPlayer.prefab
  artifactKey: Guid(791d1c7b440368f44805b8fcd445b3df) Importer(815301076,1909f56bfc062723c751e8b465ee728b)
Start importing Assets/GameMain/Entities/RagdollPlayer.prefab using Guid(791d1c7b440368f44805b8fcd445b3df) Importer(815301076,1909f56bfc062723c751e8b465ee728b)  -> (artifact id: '7d914e8dd498aaae4f708705caa58105') in 0.061920 seconds 
========================================================================
Received Prepare
Registering precompiled user dll's ...
Registered in 0.004802 seconds.
Begin MonoManager ReloadAssembly
Symbol file LoadedFromMemory doesn't match image D:\UnityProjects\YMZX\Library\PackageCache\com.unity.visualscripting@1.8.0\Editor\VisualScripting.Core\Dependencies\YamlDotNet\Unity.VisualScripting.YamlDotNet.dll
Symbol file LoadedFromMemory doesn't match image D:\UnityProjects\YMZX\Library\PackageCache\com.unity.visualscripting@1.8.0\Editor\VisualScripting.Core\Dependencies\DotNetZip\Unity.VisualScripting.IonicZip.dll
Native extension for WindowsStandalone target not found
Native extension for Android target not found
Refreshing native plugins compatible for Editor in 0.37 ms, found 3 plugins.
Preloading 0 native plugins for Editor in 0.00 ms.
Mono: successfully reloaded assembly
- Completed reload, in  0.730 seconds
Domain Reload Profiling:
	ReloadAssembly (730ms)
		BeginReloadAssembly (99ms)
			ExecutionOrderSort (0ms)
			DisableScriptedObjects (3ms)
			BackupInstance (0ms)
			ReleaseScriptingObjects (0ms)
			CreateAndSetChildDomain (24ms)
		EndReloadAssembly (557ms)
			LoadAssemblies (64ms)
			RebuildTransferFunctionScriptingTraits (0ms)
			SetupTypeCache (163ms)
			ReleaseScriptCaches (1ms)
			RebuildScriptCaches (29ms)
			SetupLoadedEditorAssemblies (277ms)
				LogAssemblyErrors (0ms)
				InitializePlatformSupportModulesInManaged (20ms)
				SetLoadedEditorAssemblies (0ms)
				RefreshPlugins (0ms)
				BeforeProcessingInitializeOnLoad (38ms)
				ProcessInitializeOnLoadAttributes (198ms)
				ProcessInitializeOnLoadMethodAttributes (14ms)
				AfterProcessingInitializeOnLoad (6ms)
				EditorAssembliesLoaded (0ms)
			ExecutionOrderSort2 (0ms)
			AwakeInstancesAfterBackupRestoration (4ms)
Platform modules already initialized, skipping
Refreshing native plugins compatible for Editor in 1.24 ms, found 3 plugins.
Preloading 0 native plugins for Editor in 0.00 ms.
Unloading 3521 Unused Serialized files (Serialized files now loaded: 0)
Unloading 19 unused Assets / (95.3 KB). Loaded Objects now: 4157.
Memory consumption went from 126.5 MB to 126.4 MB.
Total: 1.789500 ms (FindLiveObjects: 0.168500 ms CreateObjectMapping: 0.068700 ms MarkObjects: 1.526800 ms  DeleteObjects: 0.024700 ms)

AssetImportParameters requested are different than current active one (requested -> active):
  custom:video-decoder-ogg-theora: a1e56fd34408186e4bbccfd4996cb3dc -> 
  custom:container-muxer-webm: aa71ff27fc2769a1b78a27578f13a17b -> 
  custom:container-demuxer-webm: 4f35f7cbe854078d1ac9338744f61a02 -> 
  custom:video-encoder-webm-vp8: eb34c28f22e8b96e1ab97ce403110664 -> 
  custom:audio-encoder-webm-vorbis: bf7c407c2cedff20999df2af8eb42d56 -> 
  custom:framework-win-MediaFoundation: 216162199b28c13a410421893ffa2e32 -> 
  custom:container-demuxer-ogg: 62fdf1f143b41e24485cea50d1cbac27 -> 
  custom:video-decoder-webm-vp8: 9c59270c3fd7afecdb556c50c9e8de78 -> 
  custom:audio-decoder-ogg-vorbis: bf7c407c2cedff20999df2af8eb42d56 -> 
========================================================================
Received Import Request.
  Time since last request: 143.671850 seconds.
  path: Assets/GameMain/UI/UIForms/MenuForm.prefab
  artifactKey: Guid(09966b19e546cc94aa84d0743cb2a83d) Importer(815301076,1909f56bfc062723c751e8b465ee728b)
Start importing Assets/GameMain/UI/UIForms/MenuForm.prefab using Guid(09966b19e546cc94aa84d0743cb2a83d) Importer(815301076,1909f56bfc062723c751e8b465ee728b)  -> (artifact id: 'fe143a1574ff5246486acf9aa283f362') in 0.023999 seconds 
========================================================================
Received Import Request.
  Time since last request: 27.995282 seconds.
  path: Assets/GameMain/UI/UIForms/MenuForm.prefab
  artifactKey: Guid(09966b19e546cc94aa84d0743cb2a83d) Importer(815301076,1909f56bfc062723c751e8b465ee728b)
Start importing Assets/GameMain/UI/UIForms/MenuForm.prefab using Guid(09966b19e546cc94aa84d0743cb2a83d) Importer(815301076,1909f56bfc062723c751e8b465ee728b)  -> (artifact id: 'b09f52b40281c3bc5c8f0b92a1b0ef2a') in 0.002968 seconds 
========================================================================
Received Prepare
Registering precompiled user dll's ...
Registered in 0.004683 seconds.
Begin MonoManager ReloadAssembly
Symbol file LoadedFromMemory doesn't match image D:\UnityProjects\YMZX\Library\PackageCache\com.unity.visualscripting@1.8.0\Editor\VisualScripting.Core\Dependencies\YamlDotNet\Unity.VisualScripting.YamlDotNet.dll
Symbol file LoadedFromMemory doesn't match image D:\UnityProjects\YMZX\Library\PackageCache\com.unity.visualscripting@1.8.0\Editor\VisualScripting.Core\Dependencies\DotNetZip\Unity.VisualScripting.IonicZip.dll
Native extension for WindowsStandalone target not found
Native extension for Android target not found
Refreshing native plugins compatible for Editor in 0.45 ms, found 3 plugins.
Preloading 0 native plugins for Editor in 0.00 ms.
Mono: successfully reloaded assembly
- Completed reload, in  0.657 seconds
Domain Reload Profiling:
	ReloadAssembly (658ms)
		BeginReloadAssembly (88ms)
			ExecutionOrderSort (0ms)
			DisableScriptedObjects (3ms)
			BackupInstance (0ms)
			ReleaseScriptingObjects (0ms)
			CreateAndSetChildDomain (22ms)
		EndReloadAssembly (499ms)
			LoadAssemblies (53ms)
			RebuildTransferFunctionScriptingTraits (0ms)
			SetupTypeCache (142ms)
			ReleaseScriptCaches (1ms)
			RebuildScriptCaches (32ms)
			SetupLoadedEditorAssemblies (240ms)
				LogAssemblyErrors (0ms)
				InitializePlatformSupportModulesInManaged (20ms)
				SetLoadedEditorAssemblies (0ms)
				RefreshPlugins (1ms)
				BeforeProcessingInitializeOnLoad (38ms)
				ProcessInitializeOnLoadAttributes (151ms)
				ProcessInitializeOnLoadMethodAttributes (20ms)
				AfterProcessingInitializeOnLoad (10ms)
				EditorAssembliesLoaded (0ms)
			ExecutionOrderSort2 (0ms)
			AwakeInstancesAfterBackupRestoration (5ms)
Platform modules already initialized, skipping
Refreshing native plugins compatible for Editor in 1.15 ms, found 3 plugins.
Preloading 0 native plugins for Editor in 0.00 ms.
Unloading 3521 Unused Serialized files (Serialized files now loaded: 0)
Unloading 19 unused Assets / (95.3 KB). Loaded Objects now: 4172.
Memory consumption went from 126.5 MB to 126.4 MB.
Total: 1.829700 ms (FindLiveObjects: 0.179000 ms CreateObjectMapping: 0.075900 ms MarkObjects: 1.548600 ms  DeleteObjects: 0.025500 ms)

AssetImportParameters requested are different than current active one (requested -> active):
  custom:video-decoder-ogg-theora: a1e56fd34408186e4bbccfd4996cb3dc -> 
  custom:container-muxer-webm: aa71ff27fc2769a1b78a27578f13a17b -> 
  custom:container-demuxer-webm: 4f35f7cbe854078d1ac9338744f61a02 -> 
  custom:video-encoder-webm-vp8: eb34c28f22e8b96e1ab97ce403110664 -> 
  custom:audio-encoder-webm-vorbis: bf7c407c2cedff20999df2af8eb42d56 -> 
  custom:framework-win-MediaFoundation: 216162199b28c13a410421893ffa2e32 -> 
  custom:container-demuxer-ogg: 62fdf1f143b41e24485cea50d1cbac27 -> 
  custom:video-decoder-webm-vp8: 9c59270c3fd7afecdb556c50c9e8de78 -> 
  custom:audio-decoder-ogg-vorbis: bf7c407c2cedff20999df2af8eb42d56 -> 
========================================================================
Received Prepare
Registering precompiled user dll's ...
Registered in 0.004513 seconds.
Begin MonoManager ReloadAssembly
Symbol file LoadedFromMemory doesn't match image D:\UnityProjects\YMZX\Library\PackageCache\com.unity.visualscripting@1.8.0\Editor\VisualScripting.Core\Dependencies\YamlDotNet\Unity.VisualScripting.YamlDotNet.dll
Symbol file LoadedFromMemory doesn't match image D:\UnityProjects\YMZX\Library\PackageCache\com.unity.visualscripting@1.8.0\Editor\VisualScripting.Core\Dependencies\DotNetZip\Unity.VisualScripting.IonicZip.dll
Native extension for WindowsStandalone target not found
Native extension for Android target not found
Refreshing native plugins compatible for Editor in 0.39 ms, found 3 plugins.
Preloading 0 native plugins for Editor in 0.00 ms.
Mono: successfully reloaded assembly
- Completed reload, in  0.742 seconds
Domain Reload Profiling:
	ReloadAssembly (742ms)
		BeginReloadAssembly (101ms)
			ExecutionOrderSort (0ms)
			DisableScriptedObjects (3ms)
			BackupInstance (0ms)
			ReleaseScriptingObjects (0ms)
			CreateAndSetChildDomain (23ms)
		EndReloadAssembly (562ms)
			LoadAssemblies (62ms)
			RebuildTransferFunctionScriptingTraits (0ms)
			SetupTypeCache (147ms)
			ReleaseScriptCaches (1ms)
			RebuildScriptCaches (35ms)
			SetupLoadedEditorAssemblies (286ms)
				LogAssemblyErrors (0ms)
				InitializePlatformSupportModulesInManaged (19ms)
				SetLoadedEditorAssemblies (0ms)
				RefreshPlugins (0ms)
				BeforeProcessingInitializeOnLoad (40ms)
				ProcessInitializeOnLoadAttributes (206ms)
				ProcessInitializeOnLoadMethodAttributes (13ms)
				AfterProcessingInitializeOnLoad (7ms)
				EditorAssembliesLoaded (0ms)
			ExecutionOrderSort2 (0ms)
			AwakeInstancesAfterBackupRestoration (4ms)
Platform modules already initialized, skipping
Refreshing native plugins compatible for Editor in 1.15 ms, found 3 plugins.
Preloading 0 native plugins for Editor in 0.00 ms.
Unloading 3521 Unused Serialized files (Serialized files now loaded: 0)
Unloading 19 unused Assets / (95.3 KB). Loaded Objects now: 4187.
Memory consumption went from 126.5 MB to 126.4 MB.
Total: 1.923200 ms (FindLiveObjects: 0.172300 ms CreateObjectMapping: 0.078500 ms MarkObjects: 1.638600 ms  DeleteObjects: 0.032800 ms)

AssetImportParameters requested are different than current active one (requested -> active):
  custom:video-decoder-ogg-theora: a1e56fd34408186e4bbccfd4996cb3dc -> 
  custom:container-muxer-webm: aa71ff27fc2769a1b78a27578f13a17b -> 
  custom:container-demuxer-webm: 4f35f7cbe854078d1ac9338744f61a02 -> 
  custom:video-encoder-webm-vp8: eb34c28f22e8b96e1ab97ce403110664 -> 
  custom:audio-encoder-webm-vorbis: bf7c407c2cedff20999df2af8eb42d56 -> 
  custom:framework-win-MediaFoundation: 216162199b28c13a410421893ffa2e32 -> 
  custom:container-demuxer-ogg: 62fdf1f143b41e24485cea50d1cbac27 -> 
  custom:video-decoder-webm-vp8: 9c59270c3fd7afecdb556c50c9e8de78 -> 
  custom:audio-decoder-ogg-vorbis: bf7c407c2cedff20999df2af8eb42d56 -> 
========================================================================
Received Prepare
Registering precompiled user dll's ...
Registered in 0.004604 seconds.
Begin MonoManager ReloadAssembly
Symbol file LoadedFromMemory doesn't match image D:\UnityProjects\YMZX\Library\PackageCache\com.unity.visualscripting@1.8.0\Editor\VisualScripting.Core\Dependencies\YamlDotNet\Unity.VisualScripting.YamlDotNet.dll
Symbol file LoadedFromMemory doesn't match image D:\UnityProjects\YMZX\Library\PackageCache\com.unity.visualscripting@1.8.0\Editor\VisualScripting.Core\Dependencies\DotNetZip\Unity.VisualScripting.IonicZip.dll
Native extension for WindowsStandalone target not found
Native extension for Android target not found
Refreshing native plugins compatible for Editor in 0.39 ms, found 3 plugins.
Preloading 0 native plugins for Editor in 0.00 ms.
Mono: successfully reloaded assembly
- Completed reload, in  0.696 seconds
Domain Reload Profiling:
	ReloadAssembly (696ms)
		BeginReloadAssembly (96ms)
			ExecutionOrderSort (0ms)
			DisableScriptedObjects (6ms)
			BackupInstance (0ms)
			ReleaseScriptingObjects (0ms)
			CreateAndSetChildDomain (23ms)
		EndReloadAssembly (525ms)
			LoadAssemblies (52ms)
			RebuildTransferFunctionScriptingTraits (0ms)
			SetupTypeCache (157ms)
			ReleaseScriptCaches (1ms)
			RebuildScriptCaches (32ms)
			SetupLoadedEditorAssemblies (247ms)
				LogAssemblyErrors (0ms)
				InitializePlatformSupportModulesInManaged (18ms)
				SetLoadedEditorAssemblies (0ms)
				RefreshPlugins (0ms)
				BeforeProcessingInitializeOnLoad (40ms)
				ProcessInitializeOnLoadAttributes (157ms)
				ProcessInitializeOnLoadMethodAttributes (20ms)
				AfterProcessingInitializeOnLoad (10ms)
				EditorAssembliesLoaded (0ms)
			ExecutionOrderSort2 (0ms)
			AwakeInstancesAfterBackupRestoration (7ms)
Platform modules already initialized, skipping
Refreshing native plugins compatible for Editor in 1.14 ms, found 3 plugins.
Preloading 0 native plugins for Editor in 0.00 ms.
Unloading 3521 Unused Serialized files (Serialized files now loaded: 0)
Unloading 19 unused Assets / (95.3 KB). Loaded Objects now: 4202.
Memory consumption went from 126.5 MB to 126.4 MB.
Total: 1.800500 ms (FindLiveObjects: 0.172900 ms CreateObjectMapping: 0.075600 ms MarkObjects: 1.524100 ms  DeleteObjects: 0.027100 ms)

AssetImportParameters requested are different than current active one (requested -> active):
  custom:video-decoder-ogg-theora: a1e56fd34408186e4bbccfd4996cb3dc -> 
  custom:container-muxer-webm: aa71ff27fc2769a1b78a27578f13a17b -> 
  custom:container-demuxer-webm: 4f35f7cbe854078d1ac9338744f61a02 -> 
  custom:video-encoder-webm-vp8: eb34c28f22e8b96e1ab97ce403110664 -> 
  custom:audio-encoder-webm-vorbis: bf7c407c2cedff20999df2af8eb42d56 -> 
  custom:framework-win-MediaFoundation: 216162199b28c13a410421893ffa2e32 -> 
  custom:container-demuxer-ogg: 62fdf1f143b41e24485cea50d1cbac27 -> 
  custom:video-decoder-webm-vp8: 9c59270c3fd7afecdb556c50c9e8de78 -> 
  custom:audio-decoder-ogg-vorbis: bf7c407c2cedff20999df2af8eb42d56 -> 
========================================================================
Received Import Request.
  Time since last request: 184.477847 seconds.
  path: Assets/FImpossible Creations/Shared Tools/Editor/Resources/Fimp/Icons/FGearMain.png
  artifactKey: Guid(5ab443c4d0e816b49a938164a894cac5) Importer(815301076,1909f56bfc062723c751e8b465ee728b)
Start importing Assets/FImpossible Creations/Shared Tools/Editor/Resources/Fimp/Icons/FGearMain.png using Guid(5ab443c4d0e816b49a938164a894cac5) Importer(815301076,1909f56bfc062723c751e8b465ee728b)  -> (artifact id: '57313c3b4bcdb4900007938aa35674f6') in 0.033607 seconds 
========================================================================
Received Import Request.
  Time since last request: 1.134685 seconds.
  path: Assets/GameMain/Scenes/Main.unity
  artifactKey: Guid(ebae945cb8a6c334b8d114f03609d4fb) Importer(815301076,1909f56bfc062723c751e8b465ee728b)
Start importing Assets/GameMain/Scenes/Main.unity using Guid(ebae945cb8a6c334b8d114f03609d4fb) Importer(815301076,1909f56bfc062723c751e8b465ee728b)  -> (artifact id: '895d58266682dffaeb1cf122b2867a0f') in 0.000754 seconds 
========================================================================
Received Prepare
Registering precompiled user dll's ...
Registered in 0.004559 seconds.
Begin MonoManager ReloadAssembly
Symbol file LoadedFromMemory doesn't match image D:\UnityProjects\YMZX\Library\PackageCache\com.unity.visualscripting@1.8.0\Editor\VisualScripting.Core\Dependencies\YamlDotNet\Unity.VisualScripting.YamlDotNet.dll
Symbol file LoadedFromMemory doesn't match image D:\UnityProjects\YMZX\Library\PackageCache\com.unity.visualscripting@1.8.0\Editor\VisualScripting.Core\Dependencies\DotNetZip\Unity.VisualScripting.IonicZip.dll
Native extension for WindowsStandalone target not found
Native extension for Android target not found
Refreshing native plugins compatible for Editor in 0.37 ms, found 3 plugins.
Preloading 0 native plugins for Editor in 0.00 ms.
Mono: successfully reloaded assembly
- Completed reload, in  0.673 seconds
Domain Reload Profiling:
	ReloadAssembly (673ms)
		BeginReloadAssembly (91ms)
			ExecutionOrderSort (0ms)
			DisableScriptedObjects (3ms)
			BackupInstance (0ms)
			ReleaseScriptingObjects (0ms)
			CreateAndSetChildDomain (22ms)
		EndReloadAssembly (513ms)
			LoadAssemblies (58ms)
			RebuildTransferFunctionScriptingTraits (0ms)
			SetupTypeCache (150ms)
			ReleaseScriptCaches (1ms)
			RebuildScriptCaches (30ms)
			SetupLoadedEditorAssemblies (246ms)
				LogAssemblyErrors (0ms)
				InitializePlatformSupportModulesInManaged (18ms)
				SetLoadedEditorAssemblies (0ms)
				RefreshPlugins (0ms)
				BeforeProcessingInitializeOnLoad (41ms)
				ProcessInitializeOnLoadAttributes (163ms)
				ProcessInitializeOnLoadMethodAttributes (17ms)
				AfterProcessingInitializeOnLoad (6ms)
				EditorAssembliesLoaded (0ms)
			ExecutionOrderSort2 (0ms)
			AwakeInstancesAfterBackupRestoration (4ms)
Platform modules already initialized, skipping
Refreshing native plugins compatible for Editor in 1.10 ms, found 3 plugins.
Preloading 0 native plugins for Editor in 0.00 ms.
Unloading 3521 Unused Serialized files (Serialized files now loaded: 0)
Unloading 19 unused Assets / (95.4 KB). Loaded Objects now: 4219.
Memory consumption went from 126.6 MB to 126.5 MB.
Total: 1.978000 ms (FindLiveObjects: 0.172700 ms CreateObjectMapping: 0.072600 ms MarkObjects: 1.697600 ms  DeleteObjects: 0.033700 ms)

AssetImportParameters requested are different than current active one (requested -> active):
  custom:video-decoder-ogg-theora: a1e56fd34408186e4bbccfd4996cb3dc -> 
  custom:container-muxer-webm: aa71ff27fc2769a1b78a27578f13a17b -> 
  custom:container-demuxer-webm: 4f35f7cbe854078d1ac9338744f61a02 -> 
  custom:video-encoder-webm-vp8: eb34c28f22e8b96e1ab97ce403110664 -> 
  custom:audio-encoder-webm-vorbis: bf7c407c2cedff20999df2af8eb42d56 -> 
  custom:framework-win-MediaFoundation: 216162199b28c13a410421893ffa2e32 -> 
  custom:container-demuxer-ogg: 62fdf1f143b41e24485cea50d1cbac27 -> 
  custom:video-decoder-webm-vp8: 9c59270c3fd7afecdb556c50c9e8de78 -> 
  custom:audio-decoder-ogg-vorbis: bf7c407c2cedff20999df2af8eb42d56 -> 
========================================================================
Received Import Request.
  Time since last request: 47.646268 seconds.
  path: Assets/YMZXLauncher.unity
  artifactKey: Guid(9d2d51bf0fc3dfc42908e3a7a64f4feb) Importer(815301076,1909f56bfc062723c751e8b465ee728b)
Start importing Assets/YMZXLauncher.unity using Guid(9d2d51bf0fc3dfc42908e3a7a64f4feb) Importer(815301076,1909f56bfc062723c751e8b465ee728b)  -> (artifact id: 'd431eec8622b6772926fd558ff597b93') in 0.004652 seconds 
========================================================================
Received Prepare
Registering precompiled user dll's ...
Registered in 0.005718 seconds.
Begin MonoManager ReloadAssembly
Symbol file LoadedFromMemory doesn't match image D:\UnityProjects\YMZX\Library\PackageCache\com.unity.visualscripting@1.8.0\Editor\VisualScripting.Core\Dependencies\YamlDotNet\Unity.VisualScripting.YamlDotNet.dll
Symbol file LoadedFromMemory doesn't match image D:\UnityProjects\YMZX\Library\PackageCache\com.unity.visualscripting@1.8.0\Editor\VisualScripting.Core\Dependencies\DotNetZip\Unity.VisualScripting.IonicZip.dll
Native extension for WindowsStandalone target not found
Native extension for Android target not found
Refreshing native plugins compatible for Editor in 0.40 ms, found 3 plugins.
Preloading 0 native plugins for Editor in 0.00 ms.
Mono: successfully reloaded assembly
- Completed reload, in  0.717 seconds
Domain Reload Profiling:
	ReloadAssembly (718ms)
		BeginReloadAssembly (92ms)
			ExecutionOrderSort (0ms)
			DisableScriptedObjects (3ms)
			BackupInstance (0ms)
			ReleaseScriptingObjects (0ms)
			CreateAndSetChildDomain (24ms)
		EndReloadAssembly (558ms)
			LoadAssemblies (54ms)
			RebuildTransferFunctionScriptingTraits (0ms)
			SetupTypeCache (156ms)
			ReleaseScriptCaches (1ms)
			RebuildScriptCaches (30ms)
			SetupLoadedEditorAssemblies (266ms)
				LogAssemblyErrors (0ms)
				InitializePlatformSupportModulesInManaged (19ms)
				SetLoadedEditorAssemblies (0ms)
				RefreshPlugins (0ms)
				BeforeProcessingInitializeOnLoad (41ms)
				ProcessInitializeOnLoadAttributes (177ms)
				ProcessInitializeOnLoadMethodAttributes (21ms)
				AfterProcessingInitializeOnLoad (7ms)
				EditorAssembliesLoaded (0ms)
			ExecutionOrderSort2 (0ms)
			AwakeInstancesAfterBackupRestoration (11ms)
Platform modules already initialized, skipping
Refreshing native plugins compatible for Editor in 1.11 ms, found 3 plugins.
Preloading 0 native plugins for Editor in 0.00 ms.
Unloading 3521 Unused Serialized files (Serialized files now loaded: 0)
Unloading 19 unused Assets / (95.4 KB). Loaded Objects now: 4234.
Memory consumption went from 126.6 MB to 126.5 MB.
Total: 1.893400 ms (FindLiveObjects: 0.172800 ms CreateObjectMapping: 0.089900 ms MarkObjects: 1.600900 ms  DeleteObjects: 0.028900 ms)

AssetImportParameters requested are different than current active one (requested -> active):
  custom:video-decoder-ogg-theora: a1e56fd34408186e4bbccfd4996cb3dc -> 
  custom:container-muxer-webm: aa71ff27fc2769a1b78a27578f13a17b -> 
  custom:container-demuxer-webm: 4f35f7cbe854078d1ac9338744f61a02 -> 
  custom:video-encoder-webm-vp8: eb34c28f22e8b96e1ab97ce403110664 -> 
  custom:audio-encoder-webm-vorbis: bf7c407c2cedff20999df2af8eb42d56 -> 
  custom:framework-win-MediaFoundation: 216162199b28c13a410421893ffa2e32 -> 
  custom:container-demuxer-ogg: 62fdf1f143b41e24485cea50d1cbac27 -> 
  custom:video-decoder-webm-vp8: 9c59270c3fd7afecdb556c50c9e8de78 -> 
  custom:audio-decoder-ogg-vorbis: bf7c407c2cedff20999df2af8eb42d56 -> 
========================================================================
Received Prepare
Registering precompiled user dll's ...
Registered in 0.005477 seconds.
Begin MonoManager ReloadAssembly
Symbol file LoadedFromMemory doesn't match image D:\UnityProjects\YMZX\Library\PackageCache\com.unity.visualscripting@1.8.0\Editor\VisualScripting.Core\Dependencies\YamlDotNet\Unity.VisualScripting.YamlDotNet.dll
Symbol file LoadedFromMemory doesn't match image D:\UnityProjects\YMZX\Library\PackageCache\com.unity.visualscripting@1.8.0\Editor\VisualScripting.Core\Dependencies\DotNetZip\Unity.VisualScripting.IonicZip.dll
Native extension for WindowsStandalone target not found
Native extension for Android target not found
Refreshing native plugins compatible for Editor in 0.38 ms, found 3 plugins.
Preloading 0 native plugins for Editor in 0.00 ms.
Mono: successfully reloaded assembly
- Completed reload, in  0.726 seconds
Domain Reload Profiling:
	ReloadAssembly (727ms)
		BeginReloadAssembly (92ms)
			ExecutionOrderSort (0ms)
			DisableScriptedObjects (3ms)
			BackupInstance (0ms)
			ReleaseScriptingObjects (0ms)
			CreateAndSetChildDomain (23ms)
		EndReloadAssembly (558ms)
			LoadAssemblies (54ms)
			RebuildTransferFunctionScriptingTraits (0ms)
			SetupTypeCache (157ms)
			ReleaseScriptCaches (1ms)
			RebuildScriptCaches (32ms)
			SetupLoadedEditorAssemblies (283ms)
				LogAssemblyErrors (0ms)
				InitializePlatformSupportModulesInManaged (21ms)
				SetLoadedEditorAssemblies (0ms)
				RefreshPlugins (0ms)
				BeforeProcessingInitializeOnLoad (48ms)
				ProcessInitializeOnLoadAttributes (183ms)
				ProcessInitializeOnLoadMethodAttributes (21ms)
				AfterProcessingInitializeOnLoad (8ms)
				EditorAssembliesLoaded (0ms)
			ExecutionOrderSort2 (0ms)
			AwakeInstancesAfterBackupRestoration (4ms)
Platform modules already initialized, skipping
Refreshing native plugins compatible for Editor in 1.06 ms, found 3 plugins.
Preloading 0 native plugins for Editor in 0.00 ms.
Unloading 3488 Unused Serialized files (Serialized files now loaded: 0)
Unloading 45 unused Assets / (95.3 KB). Loaded Objects now: 4223.
Memory consumption went from 125.9 MB to 125.8 MB.
Total: 1.980700 ms (FindLiveObjects: 0.172600 ms CreateObjectMapping: 0.074300 ms MarkObjects: 1.699000 ms  DeleteObjects: 0.033400 ms)

AssetImportParameters requested are different than current active one (requested -> active):
  custom:video-decoder-ogg-theora: a1e56fd34408186e4bbccfd4996cb3dc -> 
  custom:container-muxer-webm: aa71ff27fc2769a1b78a27578f13a17b -> 
  custom:container-demuxer-webm: 4f35f7cbe854078d1ac9338744f61a02 -> 
  custom:video-encoder-webm-vp8: eb34c28f22e8b96e1ab97ce403110664 -> 
  custom:audio-encoder-webm-vorbis: bf7c407c2cedff20999df2af8eb42d56 -> 
  custom:framework-win-MediaFoundation: 216162199b28c13a410421893ffa2e32 -> 
  custom:container-demuxer-ogg: 62fdf1f143b41e24485cea50d1cbac27 -> 
  custom:video-decoder-webm-vp8: 9c59270c3fd7afecdb556c50c9e8de78 -> 
  custom:audio-decoder-ogg-vorbis: bf7c407c2cedff20999df2af8eb42d56 -> 
========================================================================
Received Import Request.
  Time since last request: 416.795908 seconds.
  path: Assets/YMZXLauncher.unity
  artifactKey: Guid(9d2d51bf0fc3dfc42908e3a7a64f4feb) Importer(815301076,1909f56bfc062723c751e8b465ee728b)
Start importing Assets/YMZXLauncher.unity using Guid(9d2d51bf0fc3dfc42908e3a7a64f4feb) Importer(815301076,1909f56bfc062723c751e8b465ee728b)  -> (artifact id: '720f223f2c416b906624eff7f1c56c4f') in 0.003857 seconds 
========================================================================
Received Import Request.
  Time since last request: 7.226386 seconds.
  path: Assets/Launcher.unity
  artifactKey: Guid(9d2d51bf0fc3dfc42908e3a7a64f4feb) Importer(815301076,1909f56bfc062723c751e8b465ee728b)
Start importing Assets/Launcher.unity using Guid(9d2d51bf0fc3dfc42908e3a7a64f4feb) Importer(815301076,1909f56bfc062723c751e8b465ee728b)  -> (artifact id: '798b7b7507eaa1d7a0baa1200b292e04') in 0.000757 seconds 
========================================================================
Received Prepare
Registering precompiled user dll's ...
Registered in 0.005920 seconds.
Begin MonoManager ReloadAssembly
Symbol file LoadedFromMemory doesn't match image D:\UnityProjects\YMZX\Library\PackageCache\com.unity.visualscripting@1.8.0\Editor\VisualScripting.Core\Dependencies\YamlDotNet\Unity.VisualScripting.YamlDotNet.dll
Symbol file LoadedFromMemory doesn't match image D:\UnityProjects\YMZX\Library\PackageCache\com.unity.visualscripting@1.8.0\Editor\VisualScripting.Core\Dependencies\DotNetZip\Unity.VisualScripting.IonicZip.dll
Native extension for WindowsStandalone target not found
Native extension for Android target not found
Refreshing native plugins compatible for Editor in 0.51 ms, found 3 plugins.
Preloading 0 native plugins for Editor in 0.00 ms.
Mono: successfully reloaded assembly
- Completed reload, in  0.516 seconds
Domain Reload Profiling:
	ReloadAssembly (517ms)
		BeginReloadAssembly (91ms)
			ExecutionOrderSort (0ms)
			DisableScriptedObjects (3ms)
			BackupInstance (0ms)
			ReleaseScriptingObjects (0ms)
			CreateAndSetChildDomain (22ms)
		EndReloadAssembly (355ms)
			LoadAssemblies (49ms)
			RebuildTransferFunctionScriptingTraits (0ms)
			SetupTypeCache (113ms)
			ReleaseScriptCaches (1ms)
			RebuildScriptCaches (20ms)
			SetupLoadedEditorAssemblies (145ms)
				LogAssemblyErrors (0ms)
				InitializePlatformSupportModulesInManaged (18ms)
				SetLoadedEditorAssemblies (0ms)
				RefreshPlugins (1ms)
				BeforeProcessingInitializeOnLoad (42ms)
				ProcessInitializeOnLoadAttributes (60ms)
				ProcessInitializeOnLoadMethodAttributes (17ms)
				AfterProcessingInitializeOnLoad (7ms)
				EditorAssembliesLoaded (0ms)
			ExecutionOrderSort2 (0ms)
			AwakeInstancesAfterBackupRestoration (4ms)
Platform modules already initialized, skipping
Refreshing native plugins compatible for Editor in 1.62 ms, found 3 plugins.
Preloading 0 native plugins for Editor in 0.00 ms.
Unloading 3831 Unused Serialized files (Serialized files now loaded: 0)
Unloading 20 unused Assets / (95.3 KB). Loaded Objects now: 4566.
Memory consumption went from 136.4 MB to 136.3 MB.
Total: 110.250300 ms (FindLiveObjects: 2.341100 ms CreateObjectMapping: 0.210300 ms MarkObjects: 107.643100 ms  DeleteObjects: 0.054400 ms)

AssetImportParameters requested are different than current active one (requested -> active):
  custom:video-decoder-ogg-theora: a1e56fd34408186e4bbccfd4996cb3dc -> 
  custom:container-muxer-webm: aa71ff27fc2769a1b78a27578f13a17b -> 
  custom:container-demuxer-webm: 4f35f7cbe854078d1ac9338744f61a02 -> 
  custom:video-encoder-webm-vp8: eb34c28f22e8b96e1ab97ce403110664 -> 
  custom:audio-encoder-webm-vorbis: bf7c407c2cedff20999df2af8eb42d56 -> 
  custom:framework-win-MediaFoundation: 216162199b28c13a410421893ffa2e32 -> 
  custom:container-demuxer-ogg: 62fdf1f143b41e24485cea50d1cbac27 -> 
  custom:video-decoder-webm-vp8: 9c59270c3fd7afecdb556c50c9e8de78 -> 
  custom:audio-decoder-ogg-vorbis: bf7c407c2cedff20999df2af8eb42d56 -> 
